{"/home/travis/build/npmtest/node-npmtest-sjcl/test.js":{"path":"/home/travis/build/npmtest/node-npmtest-sjcl/test.js","s":{"1":2,"2":2,"3":2,"4":2,"5":2,"6":2,"7":2,"8":1,"9":2,"10":2,"11":1,"12":1,"13":1,"14":1,"15":2,"16":2,"17":2,"18":2,"19":1,"20":1,"21":2,"22":2,"23":2,"24":1,"25":1,"26":1,"27":1,"28":1,"29":1,"30":1,"31":1,"32":1,"33":1,"34":1,"35":1,"36":1,"37":1,"38":1,"39":2,"40":2,"41":1,"42":2,"43":2,"44":1,"45":2,"46":2,"47":1,"48":2,"49":2,"50":1,"51":1,"52":1,"53":1,"54":1},"b":{"1":[2,1,1,1],"2":[1,1,1,1],"3":[1,1],"4":[1,1],"5":[1,1],"6":[1,1],"7":[1,1],"8":[1,1],"9":[1,1],"10":[1,1,1],"11":[1,1],"12":[1,1],"13":[1,1],"14":[1,1],"15":[1,1],"16":[1,1],"17":[1,1]},"f":{"1":2,"2":2,"3":2,"4":2,"5":2,"6":1,"7":1,"8":1,"9":2,"10":2,"11":2,"12":2,"13":1},"fnMap":{"1":{"name":"(anonymous_1)","line":12,"loc":{"start":{"line":12,"column":1},"end":{"line":12,"column":13}}},"2":{"name":"(anonymous_2)","line":19,"loc":{"start":{"line":19,"column":5},"end":{"line":19,"column":17}}},"3":{"name":"(anonymous_3)","line":23,"loc":{"start":{"line":23,"column":24},"end":{"line":23,"column":36}}},"4":{"name":"(anonymous_4)","line":61,"loc":{"start":{"line":61,"column":5},"end":{"line":61,"column":17}}},"5":{"name":"(anonymous_5)","line":82,"loc":{"start":{"line":82,"column":5},"end":{"line":82,"column":17}}},"6":{"name":"(anonymous_6)","line":91,"loc":{"start":{"line":91,"column":77},"end":{"line":94,"column":10}}},"7":{"name":"(anonymous_7)","line":112,"loc":{"start":{"line":112,"column":83},"end":{"line":115,"column":10}},"skip":true},"8":{"name":"(anonymous_8)","line":123,"loc":{"start":{"line":123,"column":77},"end":{"line":126,"column":10}},"skip":true},"9":{"name":"(anonymous_9)","line":139,"loc":{"start":{"line":139,"column":12},"end":{"line":139,"column":40}},"skip":true},"10":{"name":"(anonymous_10)","line":147,"loc":{"start":{"line":147,"column":77},"end":{"line":150,"column":10}},"skip":true},"11":{"name":"(anonymous_11)","line":158,"loc":{"start":{"line":158,"column":83},"end":{"line":161,"column":10}},"skip":true},"12":{"name":"(anonymous_12)","line":169,"loc":{"start":{"line":169,"column":79},"end":{"line":172,"column":10}},"skip":true},"13":{"name":"(anonymous_13)","line":180,"loc":{"start":{"line":180,"column":75},"end":{"line":183,"column":10}},"skip":true}},"statementMap":{"1":{"start":{"line":12,"column":0},"end":{"line":195,"column":5}},"2":{"start":{"line":14,"column":4},"end":{"line":14,"column":14}},"3":{"start":{"line":19,"column":4},"end":{"line":56,"column":9}},"4":{"start":{"line":21,"column":8},"end":{"line":21,"column":19}},"5":{"start":{"line":23,"column":8},"end":{"line":35,"column":13}},"6":{"start":{"line":24,"column":12},"end":{"line":34,"column":13}},"7":{"start":{"line":25,"column":16},"end":{"line":28,"column":30}},"8":{"start":{"line":30,"column":16},"end":{"line":33,"column":27}},"9":{"start":{"line":37,"column":8},"end":{"line":39,"column":21}},"10":{"start":{"line":40,"column":8},"end":{"line":53,"column":9}},"11":{"start":{"line":43,"column":12},"end":{"line":46,"column":14}},"12":{"start":{"line":47,"column":12},"end":{"line":47,"column":18}},"13":{"start":{"line":50,"column":12},"end":{"line":51,"column":46}},"14":{"start":{"line":52,"column":12},"end":{"line":52,"column":18}},"15":{"start":{"line":55,"column":8},"end":{"line":55,"column":35}},"16":{"start":{"line":61,"column":4},"end":{"line":63,"column":9}},"17":{"start":{"line":62,"column":8},"end":{"line":62,"column":15}},"18":{"start":{"line":64,"column":4},"end":{"line":77,"column":5}},"19":{"start":{"line":70,"column":8},"end":{"line":70,"column":14}},"20":{"start":{"line":76,"column":8},"end":{"line":76,"column":14}},"21":{"start":{"line":82,"column":4},"end":{"line":84,"column":9}},"22":{"start":{"line":83,"column":8},"end":{"line":83,"column":15}},"23":{"start":{"line":85,"column":4},"end":{"line":194,"column":5}},"24":{"start":{"line":91,"column":8},"end":{"line":99,"column":10}},"25":{"start":{"line":98,"column":12},"end":{"line":98,"column":35}},"26":{"start":{"line":102,"column":8},"end":{"line":104,"column":63}},"27":{"start":{"line":105,"column":8},"end":{"line":105,"column":14}},"28":{"start":{"line":112,"column":8},"end":{"line":121,"column":10},"skip":true},"29":{"start":{"line":119,"column":12},"end":{"line":119,"column":55},"skip":true},"30":{"start":{"line":120,"column":12},"end":{"line":120,"column":48},"skip":true},"31":{"start":{"line":123,"column":8},"end":{"line":136,"column":10},"skip":true},"32":{"start":{"line":130,"column":12},"end":{"line":130,"column":76},"skip":true},"33":{"start":{"line":131,"column":12},"end":{"line":131,"column":73},"skip":true},"34":{"start":{"line":132,"column":12},"end":{"line":132,"column":74},"skip":true},"35":{"start":{"line":133,"column":12},"end":{"line":133,"column":79},"skip":true},"36":{"start":{"line":134,"column":12},"end":{"line":134,"column":25},"skip":true},"37":{"start":{"line":135,"column":12},"end":{"line":135,"column":45},"skip":true},"38":{"start":{"line":138,"column":8},"end":{"line":145,"column":14},"skip":true},"39":{"start":{"line":143,"column":16},"end":{"line":143,"column":29},"skip":true},"40":{"start":{"line":144,"column":16},"end":{"line":144,"column":55},"skip":true},"41":{"start":{"line":147,"column":8},"end":{"line":156,"column":10},"skip":true},"42":{"start":{"line":154,"column":12},"end":{"line":154,"column":25},"skip":true},"43":{"start":{"line":155,"column":12},"end":{"line":155,"column":45},"skip":true},"44":{"start":{"line":158,"column":8},"end":{"line":167,"column":10},"skip":true},"45":{"start":{"line":165,"column":12},"end":{"line":165,"column":25},"skip":true},"46":{"start":{"line":166,"column":12},"end":{"line":166,"column":48},"skip":true},"47":{"start":{"line":169,"column":8},"end":{"line":178,"column":10},"skip":true},"48":{"start":{"line":176,"column":12},"end":{"line":176,"column":25},"skip":true},"49":{"start":{"line":177,"column":12},"end":{"line":177,"column":46},"skip":true},"50":{"start":{"line":180,"column":8},"end":{"line":189,"column":10},"skip":true},"51":{"start":{"line":187,"column":12},"end":{"line":187,"column":94},"skip":true},"52":{"start":{"line":188,"column":12},"end":{"line":188,"column":48},"skip":true},"53":{"start":{"line":192,"column":8},"end":{"line":192,"column":35},"skip":true},"54":{"start":{"line":193,"column":8},"end":{"line":193,"column":14},"skip":true}},"branchMap":{"1":{"line":25,"type":"binary-expr","locations":[{"start":{"line":25,"column":23},"end":{"line":25,"column":62}},{"start":{"line":26,"column":20},"end":{"line":26,"column":70}},{"start":{"line":27,"column":20},"end":{"line":27,"column":71}},{"start":{"line":28,"column":20},"end":{"line":28,"column":29}}]},"2":{"line":30,"type":"binary-expr","locations":[{"start":{"line":30,"column":23},"end":{"line":30,"column":37}},{"start":{"line":31,"column":20},"end":{"line":31,"column":61}},{"start":{"line":32,"column":20},"end":{"line":32,"column":70}},{"start":{"line":33,"column":20},"end":{"line":33,"column":26}}]},"3":{"line":37,"type":"cond-expr","locations":[{"start":{"line":38,"column":14},"end":{"line":38,"column":20}},{"start":{"line":39,"column":14},"end":{"line":39,"column":20}}]},"4":{"line":40,"type":"switch","locations":[{"start":{"line":42,"column":8},"end":{"line":47,"column":18}},{"start":{"line":49,"column":8},"end":{"line":52,"column":18}}]},"5":{"line":44,"type":"binary-expr","locations":[{"start":{"line":44,"column":16},"end":{"line":44,"column":44}},{"start":{"line":44,"column":48},"end":{"line":44,"column":66}}]},"6":{"line":50,"type":"binary-expr","locations":[{"start":{"line":50,"column":21},"end":{"line":50,"column":49}},{"start":{"line":50,"column":53},"end":{"line":50,"column":72}}]},"7":{"line":64,"type":"switch","locations":[{"start":{"line":69,"column":4},"end":{"line":70,"column":14}},{"start":{"line":75,"column":4},"end":{"line":76,"column":14}}]},"8":{"line":85,"type":"switch","locations":[{"start":{"line":90,"column":4},"end":{"line":105,"column":14}},{"start":{"line":111,"column":4},"end":{"line":193,"column":14},"skip":true}]},"9":{"line":91,"type":"binary-expr","locations":[{"start":{"line":91,"column":42},"end":{"line":91,"column":73}},{"start":{"line":91,"column":77},"end":{"line":99,"column":9}}]},"10":{"line":102,"type":"binary-expr","locations":[{"start":{"line":102,"column":18},"end":{"line":102,"column":32}},{"start":{"line":103,"column":12},"end":{"line":103,"column":53}},{"start":{"line":104,"column":12},"end":{"line":104,"column":61}}]},"11":{"line":112,"type":"binary-expr","locations":[{"start":{"line":112,"column":45},"end":{"line":112,"column":79},"skip":true},{"start":{"line":112,"column":83},"end":{"line":121,"column":9},"skip":true}]},"12":{"line":123,"type":"binary-expr","locations":[{"start":{"line":123,"column":42},"end":{"line":123,"column":73},"skip":true},{"start":{"line":123,"column":77},"end":{"line":136,"column":9},"skip":true}]},"13":{"line":138,"type":"binary-expr","locations":[{"start":{"line":138,"column":48},"end":{"line":138,"column":85},"skip":true},{"start":{"line":139,"column":12},"end":{"line":145,"column":13},"skip":true}]},"14":{"line":147,"type":"binary-expr","locations":[{"start":{"line":147,"column":42},"end":{"line":147,"column":73},"skip":true},{"start":{"line":147,"column":77},"end":{"line":156,"column":9},"skip":true}]},"15":{"line":158,"type":"binary-expr","locations":[{"start":{"line":158,"column":45},"end":{"line":158,"column":79},"skip":true},{"start":{"line":158,"column":83},"end":{"line":167,"column":9},"skip":true}]},"16":{"line":169,"type":"binary-expr","locations":[{"start":{"line":169,"column":43},"end":{"line":169,"column":75},"skip":true},{"start":{"line":169,"column":79},"end":{"line":178,"column":9},"skip":true}]},"17":{"line":180,"type":"binary-expr","locations":[{"start":{"line":180,"column":41},"end":{"line":180,"column":71},"skip":true},{"start":{"line":180,"column":75},"end":{"line":189,"column":9},"skip":true}]}},"code":["/* istanbul instrument in package npmtest_sjcl */","/*jslint","    bitwise: true,","    browser: true,","    maxerr: 8,","    maxlen: 96,","    node: true,","    nomen: true,","    regexp: true,","    stupid: true","*/","(function () {","    'use strict';","    var local;","","","","    // run shared js-env code - pre-init","    (function () {","        // init local","        local = {};","        // init modeJs","        local.modeJs = (function () {","            try {","                return typeof navigator.userAgent === 'string' &&","                    typeof document.querySelector('body') === 'object' &&","                    typeof XMLHttpRequest.prototype.open === 'function' &&","                    'browser';","            } catch (errorCaughtBrowser) {","                return module.exports &&","                    typeof process.versions.node === 'string' &&","                    typeof require('http').createServer === 'function' &&","                    'node';","            }","        }());","        // init global","        local.global = local.modeJs === 'browser'","            ? window","            : global;","        switch (local.modeJs) {","        // re-init local from window.local","        case 'browser':","            local = local.global.utility2.objectSetDefault(","                local.global.utility2_rollup || local.global.local,","                local.global.utility2","            );","            break;","        // re-init local from example.js","        case 'node':","            local = (local.global.utility2_rollup || require('utility2'))","                .requireExampleJsFromReadme();","            break;","        }","        // export local","        local.global.local = local;","    }());","","","","    // run shared js-env code - function","    (function () {","        return;","    }());","    switch (local.modeJs) {","","","","    // run browser js-env code - function","    case 'browser':","        break;","","","","    // run node js-env code - function","    case 'node':","        break;","    }","","","","    // run shared js-env code - post-init","    (function () {","        return;","    }());","    switch (local.modeJs) {","","","","    // run browser js-env code - post-init","    case 'browser':","        local.testCase_browser_nullCase = local.testCase_browser_nullCase || function (","            options,","            onError","        ) {","        /*","         * this function will test browsers's null-case handling-behavior-behavior","         */","            onError(null, options);","        };","","        // run tests","        local.nop(local.modeTest &&","            document.querySelector('#testRunButton1') &&","            document.querySelector('#testRunButton1').click());","        break;","","","","    // run node js-env code - post-init","    /* istanbul ignore next */","    case 'node':","        local.testCase_buildApidoc_default = local.testCase_buildApidoc_default || function (","            options,","            onError","        ) {","        /*","         * this function will test buildApidoc's default handling-behavior-behavior","         */","            options = { modulePathList: module.paths };","            local.buildApidoc(options, onError);","        };","","        local.testCase_buildApp_default = local.testCase_buildApp_default || function (","            options,","            onError","        ) {","        /*","         * this function will test buildApp's default handling-behavior-behavior","         */","            local.testCase_buildReadme_default(options, local.onErrorThrow);","            local.testCase_buildLib_default(options, local.onErrorThrow);","            local.testCase_buildTest_default(options, local.onErrorThrow);","            local.testCase_buildCustomOrg_default(options, local.onErrorThrow);","            options = [];","            local.buildApp(options, onError);","        };","","        local.testCase_buildCustomOrg_default = local.testCase_buildCustomOrg_default ||","            function (options, onError) {","            /*","             * this function will test buildCustomOrg's default handling-behavior","             */","                options = {};","                local.buildCustomOrg(options, onError);","            };","","        local.testCase_buildLib_default = local.testCase_buildLib_default || function (","            options,","            onError","        ) {","        /*","         * this function will test buildLib's default handling-behavior","         */","            options = {};","            local.buildLib(options, onError);","        };","","        local.testCase_buildReadme_default = local.testCase_buildReadme_default || function (","            options,","            onError","        ) {","        /*","         * this function will test buildReadme's default handling-behavior-behavior","         */","            options = {};","            local.buildReadme(options, onError);","        };","","        local.testCase_buildTest_default = local.testCase_buildTest_default || function (","            options,","            onError","        ) {","        /*","         * this function will test buildTest's default handling-behavior","         */","            options = {};","            local.buildTest(options, onError);","        };","","        local.testCase_webpage_default = local.testCase_webpage_default || function (","            options,","            onError","        ) {","        /*","         * this function will test webpage's default handling-behavior","         */","            options = { modeCoverageMerge: true, url: local.serverLocalHost + '?modeTest=1' };","            local.browserTest(options, onError);","        };","","        // run test-server","        local.testRunServer(local);","        break;","    }","}());",""],"l":{"12":2,"14":2,"19":2,"21":2,"23":2,"24":2,"25":2,"30":1,"37":2,"40":2,"43":1,"47":1,"50":1,"52":1,"55":2,"61":2,"62":2,"64":2,"70":1,"76":1,"82":2,"83":2,"85":2,"91":1,"98":1,"102":1,"105":1,"112":1,"119":1,"120":1,"123":1,"130":1,"131":1,"132":1,"133":1,"134":1,"135":1,"138":1,"143":2,"144":2,"147":1,"154":2,"155":2,"158":1,"165":2,"166":2,"169":1,"176":2,"177":2,"180":1,"187":1,"188":1,"192":1,"193":1}},"/home/travis/build/npmtest/node-npmtest-sjcl/lib.npmtest_sjcl.js":{"path":"/home/travis/build/npmtest/node-npmtest-sjcl/lib.npmtest_sjcl.js","s":{"1":2,"2":2,"3":2,"4":2,"5":2,"6":2,"7":2,"8":1,"9":2,"10":2,"11":2,"12":2,"13":1,"14":1,"15":1,"16":1},"b":{"1":[2,1,1,1],"2":[1,1,1,1],"3":[1,1],"4":[2,2],"5":[1,1]},"f":{"1":2,"2":2,"3":2},"fnMap":{"1":{"name":"(anonymous_1)","line":12,"loc":{"start":{"line":12,"column":1},"end":{"line":12,"column":13}}},"2":{"name":"(anonymous_2)","line":19,"loc":{"start":{"line":19,"column":5},"end":{"line":19,"column":17}}},"3":{"name":"(anonymous_3)","line":23,"loc":{"start":{"line":23,"column":24},"end":{"line":23,"column":36}}}},"statementMap":{"1":{"start":{"line":12,"column":0},"end":{"line":53,"column":5}},"2":{"start":{"line":14,"column":4},"end":{"line":14,"column":14}},"3":{"start":{"line":19,"column":4},"end":{"line":52,"column":9}},"4":{"start":{"line":21,"column":8},"end":{"line":21,"column":19}},"5":{"start":{"line":23,"column":8},"end":{"line":35,"column":13}},"6":{"start":{"line":24,"column":12},"end":{"line":34,"column":13}},"7":{"start":{"line":25,"column":16},"end":{"line":28,"column":30}},"8":{"start":{"line":30,"column":16},"end":{"line":33,"column":27}},"9":{"start":{"line":37,"column":8},"end":{"line":39,"column":21}},"10":{"start":{"line":41,"column":8},"end":{"line":41,"column":54}},"11":{"start":{"line":43,"column":8},"end":{"line":43,"column":49}},"12":{"start":{"line":45,"column":8},"end":{"line":51,"column":9}},"13":{"start":{"line":46,"column":12},"end":{"line":46,"column":55}},"14":{"start":{"line":48,"column":12},"end":{"line":48,"column":35}},"15":{"start":{"line":49,"column":12},"end":{"line":49,"column":49}},"16":{"start":{"line":50,"column":12},"end":{"line":50,"column":43}}},"branchMap":{"1":{"line":25,"type":"binary-expr","locations":[{"start":{"line":25,"column":23},"end":{"line":25,"column":62}},{"start":{"line":26,"column":20},"end":{"line":26,"column":70}},{"start":{"line":27,"column":20},"end":{"line":27,"column":71}},{"start":{"line":28,"column":20},"end":{"line":28,"column":29}}]},"2":{"line":30,"type":"binary-expr","locations":[{"start":{"line":30,"column":23},"end":{"line":30,"column":37}},{"start":{"line":31,"column":20},"end":{"line":31,"column":61}},{"start":{"line":32,"column":20},"end":{"line":32,"column":70}},{"start":{"line":33,"column":20},"end":{"line":33,"column":26}}]},"3":{"line":37,"type":"cond-expr","locations":[{"start":{"line":38,"column":14},"end":{"line":38,"column":20}},{"start":{"line":39,"column":14},"end":{"line":39,"column":20}}]},"4":{"line":41,"type":"binary-expr","locations":[{"start":{"line":41,"column":16},"end":{"line":41,"column":44}},{"start":{"line":41,"column":48},"end":{"line":41,"column":53}}]},"5":{"line":45,"type":"if","locations":[{"start":{"line":45,"column":8},"end":{"line":45,"column":8}},{"start":{"line":45,"column":8},"end":{"line":45,"column":8}}]}},"code":["/* istanbul instrument in package npmtest_sjcl */","/*jslint","    bitwise: true,","    browser: true,","    maxerr: 8,","    maxlen: 96,","    node: true,","    nomen: true,","    regexp: true,","    stupid: true","*/","(function () {","    'use strict';","    var local;","","","","    // run shared js-env code - pre-init","    (function () {","        // init local","        local = {};","        // init modeJs","        local.modeJs = (function () {","            try {","                return typeof navigator.userAgent === 'string' &&","                    typeof document.querySelector('body') === 'object' &&","                    typeof XMLHttpRequest.prototype.open === 'function' &&","                    'browser';","            } catch (errorCaughtBrowser) {","                return module.exports &&","                    typeof process.versions.node === 'string' &&","                    typeof require('http').createServer === 'function' &&","                    'node';","            }","        }());","        // init global","        local.global = local.modeJs === 'browser'","            ? window","            : global;","        // init utility2_rollup","        local = local.global.utility2_rollup || local;","        // init lib","        local.local = local.npmtest_sjcl = local;","        // init exports","        if (local.modeJs === 'browser') {","            local.global.utility2_npmtest_sjcl = local;","        } else {","            module.exports = local;","            module.exports.__dirname = __dirname;","            module.exports.module = module;","        }","    }());","}());",""],"l":{"12":2,"14":2,"19":2,"21":2,"23":2,"24":2,"25":2,"30":1,"37":2,"41":2,"43":2,"45":2,"46":1,"48":1,"49":1,"50":1}},"/home/travis/build/npmtest/node-npmtest-sjcl/example.js":{"path":"/home/travis/build/npmtest/node-npmtest-sjcl/example.js","s":{"1":2,"2":2,"3":2,"4":2,"5":2,"6":2,"7":2,"8":1,"9":2,"10":2,"11":2,"12":2,"13":1,"14":2,"15":2,"16":2,"17":2,"18":2,"19":0,"20":2,"21":1,"22":1,"23":1,"24":1,"25":1,"26":0,"27":0,"28":1,"29":1,"30":2,"31":0,"32":0,"33":0,"34":1,"35":2,"36":2,"37":3,"38":3,"39":3,"40":3,"41":0,"42":3,"43":3,"44":3,"45":1,"46":3,"47":1,"48":1,"49":1,"50":1,"51":1,"52":1,"53":1,"54":1,"55":1,"56":1,"57":0,"58":1,"59":6,"60":6,"61":1,"62":2,"63":0,"64":2,"65":1,"66":1,"67":0,"68":0,"69":0,"70":0,"71":0,"72":0,"73":0,"74":0,"75":0,"76":0,"77":0,"78":0,"79":0,"80":0,"81":0,"82":0,"83":0},"b":{"1":[2,1,1,1],"2":[1,1,1,1],"3":[1,1],"4":[2,2],"5":[1,1],"6":[1,1],"7":[2,0],"8":[2,1,1,1,1,1],"9":[0,2,0],"10":[1,1],"11":[2,1,1],"12":[1,0],"13":[0,2],"14":[2,0,0,0,0,0,0],"15":[0,3],"16":[3,0],"17":[1,1],"18":[0,1],"19":[1,2,0,2],"20":[1,0],"21":[1,1],"22":[0,0],"23":[0,0],"24":[0,0],"25":[0,0],"26":[0,0],"27":[0,0],"28":[0,0]},"f":{"1":2,"2":2,"3":2,"4":2,"5":2,"6":2,"7":3,"8":3,"9":3,"10":1,"11":6,"12":0},"fnMap":{"1":{"name":"(anonymous_1)","line":26,"loc":{"start":{"line":26,"column":1},"end":{"line":26,"column":13}}},"2":{"name":"(anonymous_2)","line":33,"loc":{"start":{"line":33,"column":5},"end":{"line":33,"column":17}}},"3":{"name":"(anonymous_3)","line":37,"loc":{"start":{"line":37,"column":24},"end":{"line":37,"column":36}}},"4":{"name":"(anonymous_4)","line":69,"loc":{"start":{"line":69,"column":31},"end":{"line":69,"column":48}},"skip":true},"5":{"name":"(anonymous_5)","line":78,"loc":{"start":{"line":78,"column":26},"end":{"line":78,"column":45}},"skip":true},"6":{"name":"(anonymous_6)","line":123,"loc":{"start":{"line":123,"column":33},"end":{"line":123,"column":48}},"skip":true},"7":{"name":"(anonymous_7)","line":125,"loc":{"start":{"line":125,"column":27},"end":{"line":125,"column":39}},"skip":true},"8":{"name":"(anonymous_8)","line":133,"loc":{"start":{"line":133,"column":59},"end":{"line":133,"column":74}},"skip":true},"9":{"name":"(anonymous_9)","line":143,"loc":{"start":{"line":143,"column":45},"end":{"line":143,"column":62}},"skip":true},"10":{"name":"(anonymous_10)","line":144,"loc":{"start":{"line":144,"column":73},"end":{"line":144,"column":92}},"skip":true},"11":{"name":"(anonymous_11)","line":272,"loc":{"start":{"line":272,"column":51},"end":{"line":272,"column":77}},"skip":true},"12":{"name":"(anonymous_12)","line":314,"loc":{"start":{"line":314,"column":32},"end":{"line":314,"column":61}},"skip":true}},"statementMap":{"1":{"start":{"line":26,"column":0},"end":{"line":325,"column":5}},"2":{"start":{"line":28,"column":4},"end":{"line":28,"column":14}},"3":{"start":{"line":33,"column":4},"end":{"line":60,"column":9}},"4":{"start":{"line":35,"column":8},"end":{"line":35,"column":19}},"5":{"start":{"line":37,"column":8},"end":{"line":49,"column":13}},"6":{"start":{"line":38,"column":12},"end":{"line":48,"column":13}},"7":{"start":{"line":39,"column":16},"end":{"line":42,"column":30}},"8":{"start":{"line":44,"column":16},"end":{"line":47,"column":27}},"9":{"start":{"line":51,"column":8},"end":{"line":53,"column":21}},"10":{"start":{"line":55,"column":8},"end":{"line":57,"column":45}},"11":{"start":{"line":59,"column":8},"end":{"line":59,"column":35}},"12":{"start":{"line":61,"column":4},"end":{"line":324,"column":5}},"13":{"start":{"line":69,"column":8},"end":{"line":121,"column":10},"skip":true},"14":{"start":{"line":70,"column":12},"end":{"line":88,"column":13},"skip":true},"15":{"start":{"line":76,"column":16},"end":{"line":87,"column":19},"skip":true},"16":{"start":{"line":79,"column":20},"end":{"line":86,"column":21},"skip":true},"17":{"start":{"line":82,"column":24},"end":{"line":82,"column":43},"skip":true},"18":{"start":{"line":83,"column":24},"end":{"line":83,"column":30},"skip":true},"19":{"start":{"line":85,"column":24},"end":{"line":85,"column":49},"skip":true},"20":{"start":{"line":89,"column":12},"end":{"line":107,"column":13},"skip":true},"21":{"start":{"line":92,"column":16},"end":{"line":102,"column":17},"skip":true},"22":{"start":{"line":93,"column":20},"end":{"line":93,"column":86},"skip":true},"23":{"start":{"line":94,"column":20},"end":{"line":95,"column":45},"skip":true},"24":{"start":{"line":96,"column":20},"end":{"line":96,"column":42},"skip":true},"25":{"start":{"line":97,"column":20},"end":{"line":97,"column":48},"skip":true},"26":{"start":{"line":100,"column":20},"end":{"line":100,"column":85},"skip":true},"27":{"start":{"line":101,"column":20},"end":{"line":101,"column":96},"skip":true},"28":{"start":{"line":103,"column":16},"end":{"line":103,"column":22},"skip":true},"29":{"start":{"line":106,"column":16},"end":{"line":106,"column":22},"skip":true},"30":{"start":{"line":108,"column":12},"end":{"line":120,"column":13},"skip":true},"31":{"start":{"line":114,"column":16},"end":{"line":119,"column":17},"skip":true},"32":{"start":{"line":116,"column":20},"end":{"line":116,"column":78},"skip":true},"33":{"start":{"line":118,"column":20},"end":{"line":118,"column":47},"skip":true},"34":{"start":{"line":123,"column":8},"end":{"line":141,"column":11},"skip":true},"35":{"start":{"line":124,"column":12},"end":{"line":124,"column":54},"skip":true},"36":{"start":{"line":125,"column":12},"end":{"line":140,"column":14},"skip":true},"37":{"start":{"line":126,"column":16},"end":{"line":126,"column":28},"skip":true},"38":{"start":{"line":127,"column":16},"end":{"line":127,"column":69},"skip":true},"39":{"start":{"line":128,"column":16},"end":{"line":128,"column":75},"skip":true},"40":{"start":{"line":129,"column":16},"end":{"line":131,"column":17},"skip":true},"41":{"start":{"line":130,"column":20},"end":{"line":130,"column":27},"skip":true},"42":{"start":{"line":133,"column":16},"end":{"line":137,"column":36},"skip":true},"43":{"start":{"line":134,"column":20},"end":{"line":136,"column":55},"skip":true},"44":{"start":{"line":139,"column":16},"end":{"line":139,"column":57},"skip":true},"45":{"start":{"line":143,"column":8},"end":{"line":147,"column":11},"skip":true},"46":{"start":{"line":144,"column":12},"end":{"line":146,"column":15},"skip":true},"47":{"start":{"line":145,"column":16},"end":{"line":145,"column":70},"skip":true},"48":{"start":{"line":149,"column":8},"end":{"line":149,"column":31},"skip":true},"49":{"start":{"line":150,"column":8},"end":{"line":150,"column":14},"skip":true},"50":{"start":{"line":158,"column":8},"end":{"line":158,"column":31},"skip":true},"51":{"start":{"line":160,"column":8},"end":{"line":160,"column":33},"skip":true},"52":{"start":{"line":161,"column":8},"end":{"line":161,"column":37},"skip":true},"53":{"start":{"line":162,"column":8},"end":{"line":162,"column":35},"skip":true},"54":{"start":{"line":164,"column":8},"end":{"line":164,"column":50},"skip":true},"55":{"start":{"line":166,"column":8},"end":{"line":256,"column":2},"skip":true},"56":{"start":{"line":258,"column":8},"end":{"line":286,"column":9},"skip":true},"57":{"start":{"line":259,"column":12},"end":{"line":269,"column":14},"skip":true},"58":{"start":{"line":271,"column":12},"end":{"line":285,"column":19},"skip":true},"59":{"start":{"line":274,"column":20},"end":{"line":274,"column":35},"skip":true},"60":{"start":{"line":275,"column":20},"end":{"line":284,"column":21},"skip":true},"61":{"start":{"line":277,"column":24},"end":{"line":277,"column":64},"skip":true},"62":{"start":{"line":279,"column":24},"end":{"line":279,"column":40},"skip":true},"63":{"start":{"line":281,"column":24},"end":{"line":281,"column":40},"skip":true},"64":{"start":{"line":283,"column":24},"end":{"line":283,"column":39},"skip":true},"65":{"start":{"line":288,"column":8},"end":{"line":290,"column":9},"skip":true},"66":{"start":{"line":289,"column":12},"end":{"line":289,"column":18},"skip":true},"67":{"start":{"line":291,"column":8},"end":{"line":293,"column":54},"skip":true},"68":{"start":{"line":294,"column":8},"end":{"line":301,"column":37},"skip":true},"69":{"start":{"line":302,"column":8},"end":{"line":302,"column":82},"skip":true},"70":{"start":{"line":305,"column":8},"end":{"line":307,"column":9},"skip":true},"71":{"start":{"line":306,"column":12},"end":{"line":306,"column":82},"skip":true},"72":{"start":{"line":309,"column":8},"end":{"line":311,"column":9},"skip":true},"73":{"start":{"line":310,"column":12},"end":{"line":310,"column":18},"skip":true},"74":{"start":{"line":312,"column":8},"end":{"line":312,"column":54},"skip":true},"75":{"start":{"line":313,"column":8},"end":{"line":313,"column":69},"skip":true},"76":{"start":{"line":314,"column":8},"end":{"line":322,"column":36},"skip":true},"77":{"start":{"line":315,"column":12},"end":{"line":315,"column":61},"skip":true},"78":{"start":{"line":316,"column":12},"end":{"line":319,"column":13},"skip":true},"79":{"start":{"line":317,"column":16},"end":{"line":317,"column":75},"skip":true},"80":{"start":{"line":318,"column":16},"end":{"line":318,"column":23},"skip":true},"81":{"start":{"line":320,"column":12},"end":{"line":320,"column":38},"skip":true},"82":{"start":{"line":321,"column":12},"end":{"line":321,"column":27},"skip":true},"83":{"start":{"line":323,"column":8},"end":{"line":323,"column":14},"skip":true}},"branchMap":{"1":{"line":39,"type":"binary-expr","locations":[{"start":{"line":39,"column":23},"end":{"line":39,"column":62}},{"start":{"line":40,"column":20},"end":{"line":40,"column":70}},{"start":{"line":41,"column":20},"end":{"line":41,"column":71}},{"start":{"line":42,"column":20},"end":{"line":42,"column":29}}]},"2":{"line":44,"type":"binary-expr","locations":[{"start":{"line":44,"column":23},"end":{"line":44,"column":37}},{"start":{"line":45,"column":20},"end":{"line":45,"column":61}},{"start":{"line":46,"column":20},"end":{"line":46,"column":70}},{"start":{"line":47,"column":20},"end":{"line":47,"column":26}}]},"3":{"line":51,"type":"cond-expr","locations":[{"start":{"line":52,"column":14},"end":{"line":52,"column":20}},{"start":{"line":53,"column":14},"end":{"line":53,"column":20}}]},"4":{"line":55,"type":"binary-expr","locations":[{"start":{"line":55,"column":16},"end":{"line":55,"column":44}},{"start":{"line":55,"column":49},"end":{"line":57,"column":43}}]},"5":{"line":55,"type":"cond-expr","locations":[{"start":{"line":56,"column":14},"end":{"line":56,"column":48}},{"start":{"line":57,"column":14},"end":{"line":57,"column":43}}]},"6":{"line":61,"type":"switch","locations":[{"start":{"line":68,"column":4},"end":{"line":150,"column":14},"skip":true},{"start":{"line":156,"column":4},"end":{"line":323,"column":14},"skip":true}]},"7":{"line":70,"type":"if","locations":[{"start":{"line":70,"column":12},"end":{"line":70,"column":12},"skip":true},{"start":{"line":70,"column":12},"end":{"line":70,"column":12},"skip":true}]},"8":{"line":70,"type":"binary-expr","locations":[{"start":{"line":70,"column":16},"end":{"line":70,"column":22},"skip":true},{"start":{"line":70,"column":27},"end":{"line":70,"column":32},"skip":true},{"start":{"line":71,"column":20},"end":{"line":71,"column":39},"skip":true},{"start":{"line":72,"column":20},"end":{"line":72,"column":49},"skip":true},{"start":{"line":73,"column":20},"end":{"line":73,"column":58},"skip":true},{"start":{"line":74,"column":20},"end":{"line":74,"column":69},"skip":true}]},"9":{"line":79,"type":"switch","locations":[{"start":{"line":80,"column":20},"end":{"line":80,"column":33},"skip":true},{"start":{"line":81,"column":20},"end":{"line":83,"column":30},"skip":true},{"start":{"line":84,"column":20},"end":{"line":85,"column":49},"skip":true}]},"10":{"line":89,"type":"switch","locations":[{"start":{"line":90,"column":12},"end":{"line":103,"column":22},"skip":true},{"start":{"line":105,"column":12},"end":{"line":106,"column":22},"skip":true}]},"11":{"line":89,"type":"binary-expr","locations":[{"start":{"line":89,"column":20},"end":{"line":89,"column":25},"skip":true},{"start":{"line":89,"column":29},"end":{"line":89,"column":48},"skip":true},{"start":{"line":89,"column":52},"end":{"line":89,"column":74},"skip":true}]},"12":{"line":92,"type":"if","locations":[{"start":{"line":92,"column":16},"end":{"line":92,"column":16},"skip":true},{"start":{"line":92,"column":16},"end":{"line":92,"column":16},"skip":true}]},"13":{"line":108,"type":"if","locations":[{"start":{"line":108,"column":12},"end":{"line":108,"column":12},"skip":true},{"start":{"line":108,"column":12},"end":{"line":108,"column":12},"skip":true}]},"14":{"line":108,"type":"binary-expr","locations":[{"start":{"line":108,"column":16},"end":{"line":108,"column":61},"skip":true},{"start":{"line":108,"column":66},"end":{"line":108,"column":72},"skip":true},{"start":{"line":108,"column":77},"end":{"line":108,"column":82},"skip":true},{"start":{"line":109,"column":20},"end":{"line":109,"column":39},"skip":true},{"start":{"line":110,"column":20},"end":{"line":110,"column":49},"skip":true},{"start":{"line":111,"column":20},"end":{"line":111,"column":58},"skip":true},{"start":{"line":112,"column":20},"end":{"line":112,"column":68},"skip":true}]},"15":{"line":129,"type":"if","locations":[{"start":{"line":129,"column":16},"end":{"line":129,"column":16},"skip":true},{"start":{"line":129,"column":16},"end":{"line":129,"column":16},"skip":true}]},"16":{"line":134,"type":"cond-expr","locations":[{"start":{"line":135,"column":26},"end":{"line":135,"column":29},"skip":true},{"start":{"line":136,"column":26},"end":{"line":136,"column":54},"skip":true}]},"17":{"line":164,"type":"binary-expr","locations":[{"start":{"line":164,"column":27},"end":{"line":164,"column":43},"skip":true},{"start":{"line":164,"column":47},"end":{"line":164,"column":49},"skip":true}]},"18":{"line":258,"type":"if","locations":[{"start":{"line":258,"column":8},"end":{"line":258,"column":8},"skip":true},{"start":{"line":258,"column":8},"end":{"line":258,"column":8},"skip":true}]},"19":{"line":275,"type":"switch","locations":[{"start":{"line":276,"column":20},"end":{"line":277,"column":64},"skip":true},{"start":{"line":278,"column":20},"end":{"line":279,"column":40},"skip":true},{"start":{"line":280,"column":20},"end":{"line":281,"column":40},"skip":true},{"start":{"line":282,"column":20},"end":{"line":283,"column":39},"skip":true}]},"20":{"line":288,"type":"if","locations":[{"start":{"line":288,"column":8},"end":{"line":288,"column":8},"skip":true},{"start":{"line":288,"column":8},"end":{"line":288,"column":8},"skip":true}]},"21":{"line":288,"type":"binary-expr","locations":[{"start":{"line":288,"column":12},"end":{"line":288,"column":40},"skip":true},{"start":{"line":288,"column":44},"end":{"line":288,"column":67},"skip":true}]},"22":{"line":292,"type":"binary-expr","locations":[{"start":{"line":292,"column":12},"end":{"line":292,"column":50},"skip":true},{"start":{"line":293,"column":12},"end":{"line":293,"column":53},"skip":true}]},"23":{"line":295,"type":"binary-expr","locations":[{"start":{"line":295,"column":12},"end":{"line":295,"column":62},"skip":true},{"start":{"line":296,"column":12},"end":{"line":301,"column":36},"skip":true}]},"24":{"line":302,"type":"binary-expr","locations":[{"start":{"line":302,"column":43},"end":{"line":302,"column":75},"skip":true},{"start":{"line":302,"column":79},"end":{"line":302,"column":81},"skip":true}]},"25":{"line":305,"type":"if","locations":[{"start":{"line":305,"column":8},"end":{"line":305,"column":8},"skip":true},{"start":{"line":305,"column":8},"end":{"line":305,"column":8},"skip":true}]},"26":{"line":309,"type":"if","locations":[{"start":{"line":309,"column":8},"end":{"line":309,"column":8},"skip":true},{"start":{"line":309,"column":8},"end":{"line":309,"column":8},"skip":true}]},"27":{"line":312,"type":"binary-expr","locations":[{"start":{"line":312,"column":27},"end":{"line":312,"column":43},"skip":true},{"start":{"line":312,"column":47},"end":{"line":312,"column":53},"skip":true}]},"28":{"line":316,"type":"if","locations":[{"start":{"line":316,"column":12},"end":{"line":316,"column":12},"skip":true},{"start":{"line":316,"column":12},"end":{"line":316,"column":12},"skip":true}]}},"code":["/*","example.js","","quickstart example","","instruction","    1. save this script as example.js","    2. run the shell command:","        $ npm install npmtest-sjcl && PORT=8081 node example.js","    3. play with the browser-demo on http://127.0.0.1:8081","*/","","","","/* istanbul instrument in package npmtest_sjcl */","/*jslint","    bitwise: true,","    browser: true,","    maxerr: 8,","    maxlen: 96,","    node: true,","    nomen: true,","    regexp: true,","    stupid: true","*/","(function () {","    'use strict';","    var local;","","","","    // run shared js-env code - pre-init","    (function () {","        // init local","        local = {};","        // init modeJs","        local.modeJs = (function () {","            try {","                return typeof navigator.userAgent === 'string' &&","                    typeof document.querySelector('body') === 'object' &&","                    typeof XMLHttpRequest.prototype.open === 'function' &&","                    'browser';","            } catch (errorCaughtBrowser) {","                return module.exports &&","                    typeof process.versions.node === 'string' &&","                    typeof require('http').createServer === 'function' &&","                    'node';","            }","        }());","        // init global","        local.global = local.modeJs === 'browser'","            ? window","            : global;","        // init utility2_rollup","        local = local.global.utility2_rollup || (local.modeJs === 'browser'","            ? local.global.utility2_npmtest_sjcl","            : global.utility2_moduleExports);","        // export local","        local.global.local = local;","    }());","    switch (local.modeJs) {","","","","    // post-init","    // run browser js-env code - post-init","    /* istanbul ignore next */","    case 'browser':","        local.testRunBrowser = function (event) {","            if (!event || (event &&","                    event.currentTarget &&","                    event.currentTarget.className &&","                    event.currentTarget.className.includes &&","                    event.currentTarget.className.includes('onreset'))) {","                // reset output","                Array.from(","                    document.querySelectorAll('body > .resettable')","                ).forEach(function (element) {","                    switch (element.tagName) {","                    case 'INPUT':","                    case 'TEXTAREA':","                        element.value = '';","                        break;","                    default:","                        element.textContent = '';","                    }","                });","            }","            switch (event && event.currentTarget && event.currentTarget.id) {","            case 'testRunButton1':","                // show tests","                if (document.querySelector('#testReportDiv1').style.display === 'none') {","                    document.querySelector('#testReportDiv1').style.display = 'block';","                    document.querySelector('#testRunButton1').textContent =","                        'hide internal test';","                    local.modeTest = true;","                    local.testRunDefault(local);","                // hide tests","                } else {","                    document.querySelector('#testReportDiv1').style.display = 'none';","                    document.querySelector('#testRunButton1').textContent = 'run internal test';","                }","                break;","            // custom-case","            default:","                break;","            }","            if (document.querySelector('#inputTextareaEval1') && (!event || (event &&","                    event.currentTarget &&","                    event.currentTarget.className &&","                    event.currentTarget.className.includes &&","                    event.currentTarget.className.includes('oneval')))) {","                // try to eval input-code","                try {","                    /*jslint evil: true*/","                    eval(document.querySelector('#inputTextareaEval1').value);","                } catch (errorCaught) {","                    console.error(errorCaught);","                }","            }","        };","        // log stderr and stdout to #outputTextareaStdout1","        ['error', 'log'].forEach(function (key) {","            console[key + '_original'] = console[key];","            console[key] = function () {","                var element;","                console[key + '_original'].apply(console, arguments);","                element = document.querySelector('#outputTextareaStdout1');","                if (!element) {","                    return;","                }","                // append text to #outputTextareaStdout1","                element.value += Array.from(arguments).map(function (arg) {","                    return typeof arg === 'string'","                        ? arg","                        : JSON.stringify(arg, null, 4);","                }).join(' ') + '\\n';","                // scroll textarea to bottom","                element.scrollTop = element.scrollHeight;","            };","        });","        // init event-handling","        ['change', 'click', 'keyup'].forEach(function (event) {","            Array.from(document.querySelectorAll('.on' + event)).forEach(function (element) {","                element.addEventListener(event, local.testRunBrowser);","            });","        });","        // run tests","        local.testRunBrowser();","        break;","","","","    // run node js-env code - post-init","    /* istanbul ignore next */","    case 'node':","        // export local","        module.exports = local;","        // require modules","        local.fs = require('fs');","        local.http = require('http');","        local.url = require('url');","        // init assets","        local.assetsDict = local.assetsDict || {};","        /* jslint-ignore-begin */","        local.assetsDict['/assets.index.template.html'] = '\\","<!doctype html>\\n\\","<html lang=\"en\">\\n\\","<head>\\n\\","<meta charset=\"UTF-8\">\\n\\","<meta name=\"viewport\" content=\"width=device-width, initial-scale=1\">\\n\\","<title>{{env.npm_package_name}} (v{{env.npm_package_version}})</title>\\n\\","<style>\\n\\","/*csslint\\n\\","    box-sizing: false,\\n\\","    universal-selector: false\\n\\","*/\\n\\","* {\\n\\","    box-sizing: border-box;\\n\\","}\\n\\","body {\\n\\","    background: #dde;\\n\\","    font-family: Arial, Helvetica, sans-serif;\\n\\","    margin: 2rem;\\n\\","}\\n\\","body > * {\\n\\","    margin-bottom: 1rem;\\n\\","}\\n\\",".utility2FooterDiv {\\n\\","    margin-top: 20px;\\n\\","    text-align: center;\\n\\","}\\n\\","</style>\\n\\","<style>\\n\\","/*csslint\\n\\","*/\\n\\","textarea {\\n\\","    font-family: monospace;\\n\\","    height: 10rem;\\n\\","    width: 100%;\\n\\","}\\n\\","textarea[readonly] {\\n\\","    background: #ddd;\\n\\","}\\n\\","</style>\\n\\","</head>\\n\\","<body>\\n\\","<!-- utility2-comment\\n\\","<div id=\"ajaxProgressDiv1\" style=\"background: #d00; height: 2px; left: 0; margin: 0; padding: 0; position: fixed; top: 0; transition: background 0.5s, width 1.5s; width: 25%;\"></div>\\n\\","utility2-comment -->\\n\\","<h1>\\n\\","<!-- utility2-comment\\n\\","    <a\\n\\","        {{#if env.npm_package_homepage}}\\n\\","        href=\"{{env.npm_package_homepage}}\"\\n\\","        {{/if env.npm_package_homepage}}\\n\\","        target=\"_blank\"\\n\\","    >\\n\\","utility2-comment -->\\n\\","        {{env.npm_package_name}} (v{{env.npm_package_version}})\\n\\","<!-- utility2-comment\\n\\","    </a>\\n\\","utility2-comment -->\\n\\","</h1>\\n\\","<h3>{{env.npm_package_description}}</h3>\\n\\","<!-- utility2-comment\\n\\","<h4><a download href=\"assets.app.js\">download standalone app</a></h4>\\n\\","<button class=\"onclick onreset\" id=\"testRunButton1\">run internal test</button><br>\\n\\","<div id=\"testReportDiv1\" style=\"display: none;\"></div>\\n\\","utility2-comment -->\\n\\","\\n\\","\\n\\","\\n\\","<label>stderr and stdout</label>\\n\\","<textarea class=\"resettable\" id=\"outputTextareaStdout1\" readonly></textarea>\\n\\","<!-- utility2-comment\\n\\","{{#if isRollup}}\\n\\","<script src=\"assets.app.js\"></script>\\n\\","{{#unless isRollup}}\\n\\","utility2-comment -->\\n\\","<script src=\"assets.utility2.rollup.js\"></script>\\n\\","<script src=\"jsonp.utility2._stateInit?callback=window.utility2._stateInit\"></script>\\n\\","<script src=\"assets.npmtest_sjcl.rollup.js\"></script>\\n\\","<script src=\"assets.example.js\"></script>\\n\\","<script src=\"assets.test.js\"></script>\\n\\","<!-- utility2-comment\\n\\","{{/if isRollup}}\\n\\","utility2-comment -->\\n\\","<div class=\"utility2FooterDiv\">\\n\\","    [ this app was created with\\n\\","    <a href=\"https://github.com/kaizhu256/node-utility2\" target=\"_blank\">utility2</a>\\n\\","    ]\\n\\","</div>\\n\\","</body>\\n\\","</html>\\n\\","';","        /* jslint-ignore-end */","        if (local.templateRender) {","            local.assetsDict['/'] = local.templateRender(","                local.assetsDict['/assets.index.template.html'],","                {","                    env: local.objectSetDefault(local.env, {","                        npm_package_description: 'the greatest app in the world!',","                        npm_package_name: 'my-app',","                        npm_package_nameAlias: 'my_app',","                        npm_package_version: '0.0.1'","                    })","                }","            );","        } else {","            local.assetsDict['/'] = local.assetsDict['/assets.index.template.html']","                .replace((/\\{\\{env\\.(\\w+?)\\}\\}/g), function (match0, match1) {","                    // jslint-hack","                    String(match0);","                    switch (match1) {","                    case 'npm_package_description':","                        return 'the greatest app in the world!';","                    case 'npm_package_name':","                        return 'my-app';","                    case 'npm_package_nameAlias':","                        return 'my_app';","                    case 'npm_package_version':","                        return '0.0.1';","                    }","                });","        }","        // run the cli","        if (local.global.utility2_rollup || module !== require.main) {","            break;","        }","        local.assetsDict['/assets.example.js'] =","            local.assetsDict['/assets.example.js'] ||","            local.fs.readFileSync(__filename, 'utf8');","        local.assetsDict['/assets.npmtest_sjcl.rollup.js'] =","            local.assetsDict['/assets.npmtest_sjcl.rollup.js'] ||","            local.fs.readFileSync(","                // buildCustomOrg-hack","                local.npmtest_sjcl.__dirname +","                    '/lib.npmtest_sjcl.js',","                'utf8'","            ).replace((/^#!/), '//');","        local.assetsDict['/favicon.ico'] = local.assetsDict['/favicon.ico'] || '';","        // if $npm_config_timeout_exit exists,","        // then exit this process after $npm_config_timeout_exit ms","        if (Number(process.env.npm_config_timeout_exit)) {","            setTimeout(process.exit, Number(process.env.npm_config_timeout_exit));","        }","        // start server","        if (local.global.utility2_serverHttp1) {","            break;","        }","        process.env.PORT = process.env.PORT || '8081';","        console.error('server starting on port ' + process.env.PORT);","        local.http.createServer(function (request, response) {","            request.urlParsed = local.url.parse(request.url);","            if (local.assetsDict[request.urlParsed.pathname] !== undefined) {","                response.end(local.assetsDict[request.urlParsed.pathname]);","                return;","            }","            response.statusCode = 404;","            response.end();","        }).listen(process.env.PORT);","        break;","    }","}());",""],"l":{"26":2,"28":2,"33":2,"35":2,"37":2,"38":2,"39":2,"44":1,"51":2,"55":2,"59":2,"61":2,"69":1,"70":2,"76":2,"79":2,"82":2,"83":2,"85":1,"89":2,"92":1,"93":1,"94":1,"96":1,"97":1,"100":1,"101":1,"103":1,"106":1,"108":2,"114":1,"116":1,"118":1,"123":1,"124":2,"125":2,"126":3,"127":3,"128":3,"129":3,"130":1,"133":3,"134":3,"139":3,"143":1,"144":3,"145":1,"149":1,"150":1,"158":1,"160":1,"161":1,"162":1,"164":1,"166":1,"258":1,"259":1,"271":1,"274":6,"275":6,"277":1,"279":2,"281":1,"283":2,"288":1,"289":1,"291":1,"294":1,"302":1,"305":1,"306":1,"309":1,"310":1,"312":1,"313":1,"314":1,"315":1,"316":1,"317":1,"318":1,"320":1,"321":1,"323":1}},"/home/travis/build/npmtest/node-npmtest-sjcl/node_modules/sjcl/sjcl.js":{"path":"/home/travis/build/npmtest/node-npmtest-sjcl/node_modules/sjcl/sjcl.js","s":{"1":1,"2":0,"3":0,"4":0,"5":0,"6":0,"7":0,"8":0,"9":0,"10":0,"11":0,"12":0,"13":0,"14":1,"15":0,"16":0,"17":0,"18":0,"19":0,"20":0,"21":0,"22":0,"23":0,"24":0,"25":0,"26":0,"27":0,"28":0,"29":1,"30":0,"31":0,"32":0,"33":0,"34":0,"35":0,"36":0,"37":0,"38":0,"39":0,"40":1,"41":0,"42":0,"43":0,"44":0,"45":0,"46":0,"47":0,"48":0,"49":0,"50":0,"51":0,"52":0,"53":0,"54":1,"55":0,"56":0,"57":0,"58":0,"59":1,"60":1,"61":0,"62":0,"63":1,"64":1,"65":0,"66":0,"67":0,"68":0,"69":0,"70":0,"71":0,"72":0,"73":1,"74":0,"75":0,"76":0,"77":0,"78":0,"79":0,"80":0,"81":0,"82":0,"83":0,"84":0,"85":0,"86":0,"87":0,"88":0,"89":0,"90":0,"91":0,"92":0,"93":0,"94":0,"95":0,"96":0,"97":1,"98":0,"99":0,"100":0,"101":0,"102":0,"103":0,"104":0,"105":0,"106":0,"107":0,"108":1,"109":0,"110":0,"111":0,"112":0,"113":0,"114":0,"115":0,"116":0,"117":0,"118":0,"119":0,"120":1,"121":0,"122":0,"123":0,"124":0,"125":0,"126":0,"127":0,"128":0,"129":0,"130":0,"131":0,"132":0,"133":0,"134":0,"135":0,"136":0,"137":0,"138":0,"139":0,"140":0,"141":1,"142":0,"143":0,"144":1,"145":0,"146":0,"147":0,"148":0,"149":0,"150":0,"151":0,"152":0,"153":0,"154":0,"155":0,"156":0,"157":0,"158":0,"159":0,"160":0,"161":0,"162":1,"163":0,"164":0,"165":1,"166":1,"167":1,"168":1,"169":0,"170":1,"171":1,"172":1,"173":1,"174":1,"175":1,"176":1,"177":1,"178":1,"179":1,"180":0,"181":1,"182":1,"183":1,"184":2,"185":1,"186":0,"187":0,"188":1,"189":0,"190":0,"191":0,"192":0,"193":0,"194":0,"195":0,"196":0,"197":1,"198":72,"199":1,"200":310,"201":310,"202":1118,"203":246,"204":246,"205":310,"206":1,"207":2,"208":2,"209":128,"210":2,"211":2,"212":2,"213":2,"214":2,"215":2,"216":2,"217":2,"218":1,"219":0,"220":0,"221":0,"222":0,"223":0,"224":0,"225":0,"226":0,"227":0,"228":0,"229":0,"230":0,"231":0,"232":0,"233":0,"234":0,"235":0,"236":0,"237":0,"238":0,"239":0,"240":0,"241":0,"242":0,"243":0,"244":0,"245":0,"246":0,"247":0,"248":0,"249":0,"250":0,"251":0,"252":0,"253":0,"254":0,"255":0,"256":0,"257":0,"258":0,"259":0,"260":0,"261":0,"262":0,"263":0,"264":0,"265":0,"266":0,"267":0,"268":0,"269":0,"270":0,"271":0,"272":0,"273":0,"274":0,"275":0,"276":0,"277":0,"278":1,"279":0,"280":0,"281":0,"282":0,"283":0,"284":0,"285":0,"286":0,"287":0,"288":0,"289":0,"290":0,"291":0,"292":0,"293":0,"294":0,"295":0,"296":0,"297":0,"298":0,"299":0,"300":0,"301":0,"302":0,"303":0,"304":0,"305":0,"306":0,"307":0,"308":0,"309":0,"310":0,"311":0,"312":0,"313":0,"314":0,"315":0,"316":0,"317":0,"318":0,"319":0,"320":1,"321":0,"322":0,"323":0,"324":0,"325":0,"326":0,"327":0,"328":0,"329":0,"330":0,"331":0,"332":0,"333":0,"334":0,"335":0,"336":0,"337":0,"338":0,"339":0,"340":0,"341":0,"342":0,"343":0,"344":0,"345":0,"346":0,"347":0,"348":0,"349":0,"350":0,"351":0,"352":0,"353":0,"354":0,"355":0,"356":0,"357":0,"358":0,"359":0,"360":0,"361":0,"362":0,"363":0,"364":0,"365":0,"366":0,"367":0,"368":0,"369":0,"370":0,"371":0,"372":0,"373":1,"374":0,"375":0,"376":0,"377":0,"378":0,"379":0,"380":0,"381":0,"382":0,"383":1,"384":0,"385":0,"386":0,"387":0,"388":1,"389":0,"390":0,"391":1,"392":0,"393":0,"394":1,"395":0,"396":0,"397":0,"398":1,"399":0,"400":0,"401":0,"402":0,"403":0,"404":0,"405":0,"406":0,"407":0,"408":0,"409":0,"410":0,"411":0,"412":0,"413":0,"414":0,"415":1,"416":1,"417":1,"418":1,"419":1,"420":1,"421":1,"422":1,"423":1,"424":1,"425":1,"426":1,"427":1,"428":1,"429":1,"430":1,"431":1,"432":1,"433":1,"434":1,"435":1,"436":1,"437":0,"438":0,"439":0,"440":0,"441":0,"442":0,"443":0,"444":0,"445":0,"446":0,"447":0,"448":0,"449":0,"450":0,"451":0,"452":0,"453":0,"454":0,"455":0,"456":0,"457":0,"458":0,"459":0,"460":0,"461":0,"462":0,"463":0,"464":1,"465":1,"466":1,"467":1,"468":1,"469":1,"470":1,"471":0,"472":0,"473":0,"474":1,"475":1,"476":1,"477":1,"478":32,"479":1,"480":0,"481":0,"482":1,"483":1,"484":0,"485":0,"486":0,"487":1,"488":1,"489":0,"490":0,"491":0,"492":0,"493":0,"494":1,"495":0,"496":1,"497":1,"498":1,"499":2,"500":2,"501":1,"502":1,"503":0,"504":0,"505":0,"506":0,"507":0,"508":0,"509":0,"510":0,"511":0,"512":0,"513":0,"514":0,"515":0,"516":0,"517":0,"518":0,"519":0,"520":0,"521":0,"522":0,"523":0,"524":0,"525":0,"526":0,"527":0,"528":0,"529":0,"530":0,"531":0,"532":0,"533":0,"534":0,"535":1,"536":2,"537":2,"538":0,"539":2,"540":0,"541":1,"542":0,"543":1,"544":0,"545":0,"546":1,"547":0,"548":0,"549":1,"550":0,"551":0,"552":1,"553":1,"554":1,"555":1,"556":1,"557":1,"558":1,"559":1,"560":0,"561":1,"562":1,"563":1,"564":0,"565":0,"566":0,"567":0,"568":0,"569":0,"570":0,"571":0,"572":0,"573":1,"574":0,"575":0,"576":0,"577":0,"578":0,"579":0,"580":0,"581":0,"582":0,"583":0,"584":0,"585":0,"586":0,"587":0,"588":0,"589":0,"590":0,"591":0,"592":0,"593":0,"594":0,"595":0,"596":0,"597":0,"598":0,"599":0,"600":0,"601":0,"602":0,"603":0,"604":0,"605":0,"606":0,"607":0,"608":0,"609":0,"610":0,"611":0,"612":0,"613":0,"614":0,"615":0,"616":0,"617":0,"618":0,"619":0,"620":0,"621":0,"622":0,"623":0,"624":0,"625":0,"626":0,"627":0,"628":0,"629":0,"630":0,"631":0,"632":0,"633":0,"634":0,"635":0,"636":0,"637":0,"638":0,"639":0,"640":0,"641":0,"642":0,"643":0,"644":0,"645":0,"646":0,"647":0,"648":0,"649":0,"650":0,"651":0,"652":0,"653":0,"654":0,"655":1,"656":1,"657":1,"658":1,"659":0,"660":0,"661":0,"662":0,"663":0,"664":0,"665":0,"666":0,"667":1,"668":1,"669":0},"b":{"1":[0,0],"2":[0,0],"3":[0,0,0],"4":[0,0],"5":[0,0,0],"6":[0,0],"7":[0,0],"8":[0,0],"9":[0,0],"10":[0,0],"11":[0,0],"12":[0,0],"13":[0,0],"14":[0,0],"15":[0,0],"16":[0,0],"17":[0,0],"18":[1,0],"19":[1,0],"20":[0,0],"21":[0,1],"22":[0,0],"23":[0,0,0],"24":[0,0],"25":[0,0],"26":[1,1],"27":[0,0],"28":[0,0],"29":[0,0],"30":[0,0],"31":[0,0],"32":[0,0],"33":[0,0],"34":[0,0],"35":[0,0],"36":[0,0],"37":[0,0],"38":[0,0],"39":[0,0],"40":[0,0],"41":[0,0],"42":[0,0],"43":[0,0],"44":[0,0],"45":[0,0],"46":[0,0],"47":[0,0],"48":[0,0],"49":[1,1],"50":[0,1],"51":[1,0],"52":[0,1],"53":[1,0],"54":[246,872],"55":[310,64],"56":[64,8],"57":[32,96],"58":[0,0],"59":[0,0],"60":[0,0],"61":[0,0],"62":[0,0],"63":[0,0],"64":[0,0],"65":[0,0],"66":[0,0],"67":[0,0],"68":[0,0],"69":[0,0],"70":[0,0],"71":[0,0],"72":[0,0],"73":[0,0,0],"74":[0,0],"75":[0,0],"76":[0,0],"77":[0,0],"78":[0,0],"79":[0,0],"80":[0,0],"81":[0,0],"82":[0,0],"83":[0,0],"84":[0,0],"85":[0,0],"86":[0,0],"87":[0,0],"88":[0,0],"89":[0,0],"90":[0,0],"91":[0,0],"92":[0,0],"93":[0,0],"94":[0,0],"95":[0,0],"96":[0,0],"97":[0,0],"98":[0,0],"99":[0,0],"100":[0,0],"101":[0,0],"102":[0,0],"103":[0,0],"104":[0,0],"105":[0,0],"106":[0,0],"107":[0,0],"108":[0,0],"109":[0,0],"110":[0,0],"111":[0,0],"112":[0,0],"113":[0,0],"114":[0,0],"115":[0,0],"116":[0,0],"117":[0,0],"118":[0,0],"119":[0,0],"120":[0,0],"121":[0,0],"122":[1,0],"123":[1,1],"124":[1,1],"125":[0,1,0,0],"126":[0,0],"127":[1,0],"128":[0,0],"129":[0,0],"130":[1,0],"131":[0,1],"132":[0,0],"133":[0,1],"134":[1,1],"135":[1,1],"136":[0,2],"137":[0,2],"138":[2,0],"139":[0,0],"140":[0,0],"141":[1,1],"142":[0,1],"143":[0,1],"144":[1,0],"145":[0,0],"146":[0,0],"147":[0,0],"148":[0,0],"149":[0,0],"150":[0,0],"151":[0,0,0],"152":[0,0,0,0],"153":[0,0,0,0],"154":[0,0,0],"155":[0,0],"156":[0,0],"157":[0,0],"158":[0,0,0],"159":[0,0],"160":[0,0],"161":[0,0],"162":[0,0],"163":[0,0],"164":[0,0,0],"165":[0,0],"166":[1,0],"167":[1,1],"168":[1,0],"169":[1,1],"170":[0,0],"171":[0,0],"172":[0,0],"173":[0,0],"174":[0,0],"175":[0,0],"176":[0,0,0],"177":[0,0],"178":[0,0],"179":[0,0],"180":[0,0],"181":[0,0],"182":[0,0,0,0,0,0,0,0,0,0,0,0],"183":[0,0],"184":[0,0,0],"185":[0,0],"186":[0,0],"187":[0,0],"188":[0,0,0,0],"189":[0,0],"190":[0,0],"191":[0,0],"192":[0,0],"193":[0,0],"194":[0,0,0,0,0,0,0,0,0,0,0,0,0],"195":[0,0],"196":[0,0,0],"197":[0,0],"198":[0,0],"199":[0,0,0,0],"200":[0,0],"201":[0,0],"202":[0,0],"203":[0,0,0,0,0],"204":[0,0],"205":[0,0],"206":[0,0],"207":[0,0],"208":[0,0],"209":[0,0],"210":[0,0],"211":[0,0],"212":[0,0],"213":[0,0],"214":[0,0,0],"215":[0,0,0],"216":[0,0],"217":[0,0],"218":[0,0],"219":[0,0],"220":[0,0],"221":[0,0],"222":[0,0],"223":[0,0],"224":[0,0],"225":[1,1,1],"226":[1,0]},"f":{"1":0,"2":0,"3":0,"4":0,"5":0,"6":0,"7":0,"8":0,"9":0,"10":0,"11":0,"12":0,"13":0,"14":0,"15":0,"16":1,"17":1,"18":0,"19":0,"20":1,"21":0,"22":0,"23":0,"24":0,"25":0,"26":0,"27":0,"28":0,"29":0,"30":0,"31":0,"32":0,"33":0,"34":0,"35":0,"36":0,"37":1,"38":0,"39":1,"40":1,"41":0,"42":1,"43":72,"44":2,"45":0,"46":0,"47":0,"48":0,"49":0,"50":0,"51":0,"52":0,"53":0,"54":0,"55":0,"56":0,"57":0,"58":0,"59":0,"60":0,"61":0,"62":0,"63":0,"64":0,"65":0,"66":0,"67":0,"68":1,"69":0,"70":0,"71":1,"72":2,"73":1,"74":0,"75":0,"76":0,"77":0,"78":0,"79":0,"80":0,"81":0,"82":0,"83":2,"84":0,"85":0,"86":0,"87":0,"88":0,"89":0,"90":0,"91":0,"92":0,"93":0,"94":0,"95":0,"96":0,"97":0,"98":0,"99":0},"fnMap":{"1":{"name":"(anonymous_1)","line":1,"loc":{"start":{"line":1,"column":100},"end":{"line":1,"column":111}}},"2":{"name":"(anonymous_2)","line":1,"loc":{"start":{"line":1,"column":126},"end":{"line":1,"column":136}}},"3":{"name":"(anonymous_3)","line":1,"loc":{"start":{"line":1,"column":193},"end":{"line":1,"column":204}}},"4":{"name":"(anonymous_4)","line":1,"loc":{"start":{"line":1,"column":219},"end":{"line":1,"column":229}}},"5":{"name":"(anonymous_5)","line":1,"loc":{"start":{"line":1,"column":282},"end":{"line":1,"column":293}}},"6":{"name":"(anonymous_6)","line":1,"loc":{"start":{"line":1,"column":308},"end":{"line":1,"column":318}}},"7":{"name":"(anonymous_7)","line":1,"loc":{"start":{"line":1,"column":372},"end":{"line":1,"column":383}}},"8":{"name":"(anonymous_8)","line":1,"loc":{"start":{"line":1,"column":398},"end":{"line":1,"column":408}}},"9":{"name":"(anonymous_9)","line":2,"loc":{"start":{"line":2,"column":16},"end":{"line":2,"column":27}}},"10":{"name":"(anonymous_10)","line":4,"loc":{"start":{"line":4,"column":35},"end":{"line":4,"column":46}}},"11":{"name":"(anonymous_11)","line":4,"loc":{"start":{"line":4,"column":75},"end":{"line":4,"column":86}}},"12":{"name":"(anonymous_12)","line":4,"loc":{"start":{"line":4,"column":147},"end":{"line":4,"column":157}}},"13":{"name":"t","line":6,"loc":{"start":{"line":6,"column":0},"end":{"line":6,"column":17}}},"14":{"name":"(anonymous_14)","line":8,"loc":{"start":{"line":8,"column":24},"end":{"line":8,"column":39}}},"15":{"name":"(anonymous_15)","line":8,"loc":{"start":{"line":8,"column":148},"end":{"line":8,"column":163}}},"16":{"name":"(anonymous_16)","line":8,"loc":{"start":{"line":8,"column":275},"end":{"line":8,"column":288}}},"17":{"name":"(anonymous_17)","line":8,"loc":{"start":{"line":8,"column":472},"end":{"line":8,"column":483}}},"18":{"name":"(anonymous_18)","line":9,"loc":{"start":{"line":9,"column":53},"end":{"line":9,"column":66}}},"19":{"name":"(anonymous_19)","line":9,"loc":{"start":{"line":9,"column":229},"end":{"line":9,"column":244}}},"20":{"name":"(anonymous_20)","line":9,"loc":{"start":{"line":9,"column":305},"end":{"line":9,"column":316}}},"21":{"name":"(anonymous_21)","line":9,"loc":{"start":{"line":9,"column":363},"end":{"line":9,"column":376}}},"22":{"name":"(anonymous_22)","line":10,"loc":{"start":{"line":10,"column":5},"end":{"line":10,"column":22}}},"23":{"name":"(anonymous_23)","line":10,"loc":{"start":{"line":10,"column":291},"end":{"line":10,"column":304}}},"24":{"name":"(anonymous_24)","line":10,"loc":{"start":{"line":10,"column":364},"end":{"line":10,"column":375}}},"25":{"name":"(anonymous_25)","line":11,"loc":{"start":{"line":11,"column":32},"end":{"line":11,"column":43}}},"26":{"name":"(anonymous_26)","line":11,"loc":{"start":{"line":11,"column":208},"end":{"line":11,"column":219}}},"27":{"name":"(anonymous_27)","line":12,"loc":{"start":{"line":12,"column":25},"end":{"line":12,"column":36}}},"28":{"name":"(anonymous_28)","line":12,"loc":{"start":{"line":12,"column":179},"end":{"line":12,"column":190}}},"29":{"name":"(anonymous_29)","line":13,"loc":{"start":{"line":13,"column":130},"end":{"line":13,"column":145}}},"30":{"name":"(anonymous_30)","line":13,"loc":{"start":{"line":13,"column":433},"end":{"line":13,"column":446}}},"31":{"name":"(anonymous_31)","line":15,"loc":{"start":{"line":15,"column":31},"end":{"line":15,"column":44}}},"32":{"name":"(anonymous_32)","line":15,"loc":{"start":{"line":15,"column":94},"end":{"line":15,"column":105}}},"33":{"name":"(anonymous_33)","line":16,"loc":{"start":{"line":16,"column":97},"end":{"line":16,"column":112}}},"34":{"name":"(anonymous_34)","line":16,"loc":{"start":{"line":16,"column":347},"end":{"line":16,"column":360}}},"35":{"name":"(anonymous_35)","line":17,"loc":{"start":{"line":17,"column":207},"end":{"line":17,"column":218}}},"36":{"name":"(anonymous_36)","line":17,"loc":{"start":{"line":17,"column":268},"end":{"line":17,"column":279}}},"37":{"name":"(anonymous_37)","line":17,"loc":{"start":{"line":17,"column":336},"end":{"line":17,"column":347}}},"38":{"name":"(anonymous_38)","line":17,"loc":{"start":{"line":17,"column":459},"end":{"line":17,"column":470}}},"39":{"name":"(anonymous_39)","line":18,"loc":{"start":{"line":18,"column":48},"end":{"line":18,"column":58}}},"40":{"name":"(anonymous_40)","line":18,"loc":{"start":{"line":18,"column":121},"end":{"line":18,"column":132}}},"41":{"name":"(anonymous_41)","line":19,"loc":{"start":{"line":19,"column":121},"end":{"line":19,"column":131}}},"42":{"name":"(anonymous_42)","line":19,"loc":{"start":{"line":19,"column":375},"end":{"line":19,"column":385}}},"43":{"name":"a","line":19,"loc":{"start":{"line":19,"column":386},"end":{"line":19,"column":399}}},"44":{"name":"u","line":21,"loc":{"start":{"line":21,"column":0},"end":{"line":21,"column":15}}},"45":{"name":"(anonymous_45)","line":23,"loc":{"start":{"line":23,"column":46},"end":{"line":23,"column":57}}},"46":{"name":"(anonymous_46)","line":23,"loc":{"start":{"line":23,"column":100},"end":{"line":23,"column":111}}},"47":{"name":"(anonymous_47)","line":23,"loc":{"start":{"line":23,"column":179},"end":{"line":23,"column":190}}},"48":{"name":"(anonymous_48)","line":23,"loc":{"start":{"line":23,"column":264},"end":{"line":23,"column":283}}},"49":{"name":"(anonymous_49)","line":24,"loc":{"start":{"line":24,"column":111},"end":{"line":24,"column":130}}},"50":{"name":"(anonymous_50)","line":25,"loc":{"start":{"line":25,"column":18},"end":{"line":25,"column":39}}},"51":{"name":"(anonymous_51)","line":25,"loc":{"start":{"line":25,"column":370},"end":{"line":25,"column":391}}},"52":{"name":"(anonymous_52)","line":26,"loc":{"start":{"line":26,"column":260},"end":{"line":26,"column":281}}},"53":{"name":"(anonymous_53)","line":28,"loc":{"start":{"line":28,"column":36},"end":{"line":28,"column":57}}},"54":{"name":"(anonymous_54)","line":29,"loc":{"start":{"line":29,"column":99},"end":{"line":29,"column":120}}},"55":{"name":"(anonymous_55)","line":30,"loc":{"start":{"line":30,"column":229},"end":{"line":30,"column":242}}},"56":{"name":"(anonymous_56)","line":31,"loc":{"start":{"line":31,"column":39},"end":{"line":31,"column":50}}},"57":{"name":"(anonymous_57)","line":32,"loc":{"start":{"line":32,"column":34},"end":{"line":32,"column":53}}},"58":{"name":"(anonymous_58)","line":32,"loc":{"start":{"line":32,"column":171},"end":{"line":32,"column":190}}},"59":{"name":"(anonymous_59)","line":32,"loc":{"start":{"line":32,"column":448},"end":{"line":32,"column":461}}},"60":{"name":"(anonymous_60)","line":33,"loc":{"start":{"line":33,"column":195},"end":{"line":33,"column":210}}},"61":{"name":"(anonymous_61)","line":33,"loc":{"start":{"line":33,"column":388},"end":{"line":33,"column":409}}},"62":{"name":"(anonymous_62)","line":35,"loc":{"start":{"line":35,"column":98},"end":{"line":35,"column":111}}},"63":{"name":"(anonymous_63)","line":36,"loc":{"start":{"line":36,"column":62},"end":{"line":36,"column":73}}},"64":{"name":"(anonymous_64)","line":36,"loc":{"start":{"line":36,"column":230},"end":{"line":36,"column":240}}},"65":{"name":"(anonymous_65)","line":36,"loc":{"start":{"line":36,"column":314},"end":{"line":36,"column":325}}},"66":{"name":"(anonymous_66)","line":36,"loc":{"start":{"line":36,"column":387},"end":{"line":36,"column":397}}},"67":{"name":"(anonymous_67)","line":37,"loc":{"start":{"line":37,"column":17},"end":{"line":37,"column":36}}},"68":{"name":"(anonymous_68)","line":38,"loc":{"start":{"line":38,"column":10},"end":{"line":38,"column":21}}},"69":{"name":"(anonymous_69)","line":39,"loc":{"start":{"line":39,"column":33},"end":{"line":39,"column":46}}},"70":{"name":"(anonymous_70)","line":40,"loc":{"start":{"line":40,"column":280},"end":{"line":40,"column":293}}},"71":{"name":"(anonymous_71)","line":40,"loc":{"start":{"line":40,"column":503},"end":{"line":41,"column":4}}},"72":{"name":"(anonymous_72)","line":43,"loc":{"start":{"line":43,"column":8},"end":{"line":43,"column":19}}},"73":{"name":"(anonymous_73)","line":43,"loc":{"start":{"line":43,"column":187},"end":{"line":43,"column":198}}},"74":{"name":"(anonymous_74)","line":43,"loc":{"start":{"line":43,"column":276},"end":{"line":43,"column":286}}},"75":{"name":"(anonymous_75)","line":45,"loc":{"start":{"line":45,"column":27},"end":{"line":45,"column":37}}},"76":{"name":"(anonymous_76)","line":46,"loc":{"start":{"line":46,"column":111},"end":{"line":46,"column":124}}},"77":{"name":"(anonymous_77)","line":46,"loc":{"start":{"line":46,"column":169},"end":{"line":46,"column":182}}},"78":{"name":"(anonymous_78)","line":46,"loc":{"start":{"line":46,"column":306},"end":{"line":46,"column":316}}},"79":{"name":"(anonymous_79)","line":46,"loc":{"start":{"line":46,"column":331},"end":{"line":46,"column":342}}},"80":{"name":"(anonymous_80)","line":46,"loc":{"start":{"line":46,"column":491},"end":{"line":46,"column":502}}},"81":{"name":"(anonymous_81)","line":47,"loc":{"start":{"line":47,"column":115},"end":{"line":47,"column":125}}},"82":{"name":"(anonymous_82)","line":47,"loc":{"start":{"line":47,"column":140},"end":{"line":47,"column":151}}},"83":{"name":"A","line":48,"loc":{"start":{"line":48,"column":0},"end":{"line":48,"column":15}}},"84":{"name":"C","line":48,"loc":{"start":{"line":48,"column":122},"end":{"line":48,"column":137}}},"85":{"name":"y","line":48,"loc":{"start":{"line":48,"column":330},"end":{"line":48,"column":343}}},"86":{"name":"z","line":48,"loc":{"start":{"line":48,"column":395},"end":{"line":48,"column":408}}},"87":{"name":"B","line":49,"loc":{"start":{"line":49,"column":0},"end":{"line":49,"column":15}}},"88":{"name":"(anonymous_88)","line":49,"loc":{"start":{"line":49,"column":23},"end":{"line":49,"column":33}}},"89":{"name":"(anonymous_89)","line":52,"loc":{"start":{"line":52,"column":84},"end":{"line":52,"column":101}}},"90":{"name":"(anonymous_90)","line":54,"loc":{"start":{"line":54,"column":132},"end":{"line":54,"column":149}}},"91":{"name":"(anonymous_91)","line":54,"loc":{"start":{"line":54,"column":215},"end":{"line":54,"column":232}}},"92":{"name":"(anonymous_92)","line":56,"loc":{"start":{"line":56,"column":256},"end":{"line":56,"column":273}}},"93":{"name":"(anonymous_93)","line":56,"loc":{"start":{"line":56,"column":329},"end":{"line":56,"column":340}}},"94":{"name":"(anonymous_94)","line":57,"loc":{"start":{"line":57,"column":279},"end":{"line":57,"column":290}}},"95":{"name":"(anonymous_95)","line":58,"loc":{"start":{"line":58,"column":185},"end":{"line":58,"column":200}}},"96":{"name":"(anonymous_96)","line":58,"loc":{"start":{"line":58,"column":404},"end":{"line":58,"column":417}}},"97":{"name":"(anonymous_97)","line":58,"loc":{"start":{"line":58,"column":499},"end":{"line":59,"column":2}}},"98":{"name":"(anonymous_98)","line":59,"loc":{"start":{"line":59,"column":185},"end":{"line":59,"column":198}}},"99":{"name":"(anonymous_99)","line":60,"loc":{"start":{"line":60,"column":105},"end":{"line":60,"column":115}}}},"statementMap":{"1":{"start":{"line":1,"column":13},"end":{"line":1,"column":461}},"2":{"start":{"line":1,"column":112},"end":{"line":1,"column":169}},"3":{"start":{"line":1,"column":137},"end":{"line":1,"column":167}},"4":{"start":{"line":1,"column":169},"end":{"line":1,"column":183}},"5":{"start":{"line":1,"column":205},"end":{"line":1,"column":262}},"6":{"start":{"line":1,"column":230},"end":{"line":1,"column":260}},"7":{"start":{"line":1,"column":262},"end":{"line":1,"column":276}},"8":{"start":{"line":1,"column":294},"end":{"line":1,"column":347}},"9":{"start":{"line":1,"column":319},"end":{"line":1,"column":345}},"10":{"start":{"line":1,"column":347},"end":{"line":1,"column":361}},"11":{"start":{"line":1,"column":384},"end":{"line":1,"column":443}},"12":{"start":{"line":1,"column":409},"end":{"line":1,"column":441}},"13":{"start":{"line":1,"column":443},"end":{"line":1,"column":457}},"14":{"start":{"line":2,"column":0},"end":{"line":3,"column":7}},"15":{"start":{"line":2,"column":28},"end":{"line":2,"column":54}},"16":{"start":{"line":2,"column":54},"end":{"line":2,"column":93}},"17":{"start":{"line":2,"column":93},"end":{"line":2,"column":104}},"18":{"start":{"line":2,"column":104},"end":{"line":2,"column":112}},"19":{"start":{"line":2,"column":112},"end":{"line":2,"column":192}},"20":{"start":{"line":2,"column":135},"end":{"line":2,"column":192}},"21":{"start":{"line":2,"column":192},"end":{"line":2,"column":219}},"22":{"start":{"line":2,"column":219},"end":{"line":2,"column":397}},"23":{"start":{"line":2,"column":241},"end":{"line":2,"column":250}},"24":{"start":{"line":2,"column":250},"end":{"line":2,"column":383}},"25":{"start":{"line":2,"column":277},"end":{"line":2,"column":383}},"26":{"start":{"line":2,"column":383},"end":{"line":2,"column":396}},"27":{"start":{"line":2,"column":397},"end":{"line":3,"column":5}},"28":{"start":{"line":2,"column":415},"end":{"line":3,"column":5}},"29":{"start":{"line":4,"column":0},"end":{"line":5,"column":50}},"30":{"start":{"line":4,"column":47},"end":{"line":4,"column":65}},"31":{"start":{"line":4,"column":87},"end":{"line":4,"column":105}},"32":{"start":{"line":4,"column":158},"end":{"line":4,"column":224}},"33":{"start":{"line":4,"column":224},"end":{"line":4,"column":274}},"34":{"start":{"line":4,"column":244},"end":{"line":4,"column":274}},"35":{"start":{"line":4,"column":274},"end":{"line":4,"column":508}},"36":{"start":{"line":4,"column":308},"end":{"line":4,"column":508}},"37":{"start":{"line":4,"column":464},"end":{"line":4,"column":508}},"38":{"start":{"line":4,"column":508},"end":{"line":5,"column":47}},"39":{"start":{"line":5,"column":10},"end":{"line":5,"column":47}},"40":{"start":{"line":6,"column":0},"end":{"line":7,"column":113}},"41":{"start":{"line":6,"column":18},"end":{"line":6,"column":93}},"42":{"start":{"line":6,"column":34},"end":{"line":6,"column":93}},"43":{"start":{"line":6,"column":93},"end":{"line":6,"column":146}},"44":{"start":{"line":6,"column":146},"end":{"line":6,"column":162}},"45":{"start":{"line":6,"column":162},"end":{"line":6,"column":205}},"46":{"start":{"line":6,"column":205},"end":{"line":6,"column":214}},"47":{"start":{"line":6,"column":214},"end":{"line":6,"column":221}},"48":{"start":{"line":6,"column":221},"end":{"line":6,"column":253}},"49":{"start":{"line":6,"column":253},"end":{"line":6,"column":496}},"50":{"start":{"line":6,"column":269},"end":{"line":6,"column":496}},"51":{"start":{"line":6,"column":496},"end":{"line":7,"column":104}},"52":{"start":{"line":7,"column":10},"end":{"line":7,"column":104}},"53":{"start":{"line":7,"column":104},"end":{"line":7,"column":112}},"54":{"start":{"line":8,"column":0},"end":{"line":10,"column":470}},"55":{"start":{"line":8,"column":40},"end":{"line":8,"column":92}},"56":{"start":{"line":8,"column":92},"end":{"line":8,"column":138}},"57":{"start":{"line":8,"column":164},"end":{"line":8,"column":190}},"58":{"start":{"line":8,"column":190},"end":{"line":8,"column":266}},"59":{"start":{"line":8,"column":289},"end":{"line":8,"column":338}},"60":{"start":{"line":8,"column":319},"end":{"line":8,"column":338}},"61":{"start":{"line":8,"column":338},"end":{"line":8,"column":388}},"62":{"start":{"line":8,"column":388},"end":{"line":8,"column":460}},"63":{"start":{"line":8,"column":484},"end":{"line":8,"column":499}},"64":{"start":{"line":8,"column":499},"end":{"line":9,"column":45}},"65":{"start":{"line":9,"column":67},"end":{"line":9,"column":93}},"66":{"start":{"line":9,"column":84},"end":{"line":9,"column":93}},"67":{"start":{"line":9,"column":93},"end":{"line":9,"column":122}},"68":{"start":{"line":9,"column":122},"end":{"line":9,"column":137}},"69":{"start":{"line":9,"column":137},"end":{"line":9,"column":144}},"70":{"start":{"line":9,"column":144},"end":{"line":9,"column":211}},"71":{"start":{"line":9,"column":211},"end":{"line":9,"column":219}},"72":{"start":{"line":9,"column":245},"end":{"line":9,"column":292}},"73":{"start":{"line":9,"column":317},"end":{"line":9,"column":355}},"74":{"start":{"line":9,"column":377},"end":{"line":9,"column":445}},"75":{"start":{"line":9,"column":436},"end":{"line":9,"column":445}},"76":{"start":{"line":9,"column":445},"end":{"line":9,"column":455}},"77":{"start":{"line":9,"column":455},"end":{"line":9,"column":491}},"78":{"start":{"line":9,"column":478},"end":{"line":9,"column":491}},"79":{"start":{"line":9,"column":491},"end":{"line":10,"column":1}},"80":{"start":{"line":10,"column":23},"end":{"line":10,"column":29}},"81":{"start":{"line":10,"column":29},"end":{"line":10,"column":33}},"82":{"start":{"line":10,"column":33},"end":{"line":10,"column":82}},"83":{"start":{"line":10,"column":68},"end":{"line":10,"column":82}},"84":{"start":{"line":10,"column":82},"end":{"line":10,"column":110}},"85":{"start":{"line":10,"column":91},"end":{"line":10,"column":110}},"86":{"start":{"line":10,"column":110},"end":{"line":10,"column":165}},"87":{"start":{"line":10,"column":133},"end":{"line":10,"column":165}},"88":{"start":{"line":10,"column":165},"end":{"line":10,"column":192}},"89":{"start":{"line":10,"column":192},"end":{"line":10,"column":222}},"90":{"start":{"line":10,"column":222},"end":{"line":10,"column":279}},"91":{"start":{"line":10,"column":279},"end":{"line":10,"column":287}},"92":{"start":{"line":10,"column":305},"end":{"line":10,"column":352}},"93":{"start":{"line":10,"column":376},"end":{"line":10,"column":384}},"94":{"start":{"line":10,"column":384},"end":{"line":10,"column":459}},"95":{"start":{"line":10,"column":407},"end":{"line":10,"column":459}},"96":{"start":{"line":10,"column":459},"end":{"line":10,"column":467}},"97":{"start":{"line":11,"column":0},"end":{"line":11,"column":399}},"98":{"start":{"line":11,"column":44},"end":{"line":11,"column":86}},"99":{"start":{"line":11,"column":86},"end":{"line":11,"column":163}},"100":{"start":{"line":11,"column":104},"end":{"line":11,"column":163}},"101":{"start":{"line":11,"column":163},"end":{"line":11,"column":199}},"102":{"start":{"line":11,"column":220},"end":{"line":11,"column":254}},"103":{"start":{"line":11,"column":254},"end":{"line":11,"column":269}},"104":{"start":{"line":11,"column":269},"end":{"line":11,"column":342}},"105":{"start":{"line":11,"column":292},"end":{"line":11,"column":342}},"106":{"start":{"line":11,"column":342},"end":{"line":11,"column":388}},"107":{"start":{"line":11,"column":388},"end":{"line":11,"column":396}},"108":{"start":{"line":12,"column":0},"end":{"line":12,"column":352}},"109":{"start":{"line":12,"column":37},"end":{"line":12,"column":48}},"110":{"start":{"line":12,"column":48},"end":{"line":12,"column":123}},"111":{"start":{"line":12,"column":71},"end":{"line":12,"column":123}},"112":{"start":{"line":12,"column":123},"end":{"line":12,"column":170}},"113":{"start":{"line":12,"column":191},"end":{"line":12,"column":204}},"114":{"start":{"line":12,"column":204},"end":{"line":12,"column":229}},"115":{"start":{"line":12,"column":229},"end":{"line":12,"column":240}},"116":{"start":{"line":12,"column":240},"end":{"line":12,"column":255}},"117":{"start":{"line":12,"column":255},"end":{"line":12,"column":316}},"118":{"start":{"line":12,"column":279},"end":{"line":12,"column":316}},"119":{"start":{"line":12,"column":316},"end":{"line":12,"column":349}},"120":{"start":{"line":13,"column":0},"end":{"line":14,"column":426}},"121":{"start":{"line":13,"column":146},"end":{"line":13,"column":269}},"122":{"start":{"line":13,"column":269},"end":{"line":13,"column":296}},"123":{"start":{"line":13,"column":296},"end":{"line":13,"column":388}},"124":{"start":{"line":13,"column":318},"end":{"line":13,"column":388}},"125":{"start":{"line":13,"column":388},"end":{"line":13,"column":416}},"126":{"start":{"line":13,"column":409},"end":{"line":13,"column":416}},"127":{"start":{"line":13,"column":416},"end":{"line":13,"column":424}},"128":{"start":{"line":13,"column":447},"end":{"line":13,"column":485}},"129":{"start":{"line":13,"column":485},"end":{"line":14,"column":105}},"130":{"start":{"line":14,"column":105},"end":{"line":14,"column":146}},"131":{"start":{"line":14,"column":146},"end":{"line":14,"column":369}},"132":{"start":{"line":14,"column":170},"end":{"line":14,"column":195}},"133":{"start":{"line":14,"column":195},"end":{"line":14,"column":316}},"134":{"start":{"line":14,"column":203},"end":{"line":14,"column":261}},"135":{"start":{"line":14,"column":209},"end":{"line":14,"column":261}},"136":{"start":{"line":14,"column":213},"end":{"line":14,"column":250}},"137":{"start":{"line":14,"column":261},"end":{"line":14,"column":315}},"138":{"start":{"line":14,"column":316},"end":{"line":14,"column":368}},"139":{"start":{"line":14,"column":369},"end":{"line":14,"column":415}},"140":{"start":{"line":14,"column":415},"end":{"line":14,"column":423}},"141":{"start":{"line":15,"column":0},"end":{"line":15,"column":145}},"142":{"start":{"line":15,"column":45},"end":{"line":15,"column":85}},"143":{"start":{"line":15,"column":106},"end":{"line":15,"column":142}},"144":{"start":{"line":16,"column":0},"end":{"line":17,"column":176}},"145":{"start":{"line":16,"column":113},"end":{"line":16,"column":181}},"146":{"start":{"line":16,"column":181},"end":{"line":16,"column":208}},"147":{"start":{"line":16,"column":208},"end":{"line":16,"column":302}},"148":{"start":{"line":16,"column":230},"end":{"line":16,"column":302}},"149":{"start":
[...]
      \"302B0A6DF25F14374FE1356D6D51C245E485B576625E7EC6F44C42E9\" +","        \"A637ED6B0BFF5CB6F406B7EDEE386BFB5A899FA5AE9F24117C4B1FE6\" +","        \"49286651ECE45B3DC2007CB8A163BF0598DA48361C55D39A69163FA8\" +","        \"FD24CF5F83655D23DCA3AD961C62F356208552BB9ED529077096966D\" +","        \"670C354E4ABC9804F1746C08CA18217C32905E462E36CE3BE39E772C\" +","        \"180E86039B2783A2EC07A28FB5C55DF06F4C52C9DE2BCBF695581718\" +","        \"3995497CEA956AE515D2261898FA051015728E5A8AAAC42DAD33170D\" +","        \"04507A33A85521ABDF1CBA64ECFB850458DBEF0A8AEA71575D060C7D\" +","        \"B3970F85A6E1E4C7ABF5AE8CDB0933D71E8C94E04A25619DCEE3D226\" +","        \"1AD2EE6BF12FFA06D98A0864D87602733EC86A64521F2B18177B200C\" +","        \"BBE117577A615D6C770988C0BAD946E208E24FA074E5AB3143DB5BFC\" +","        \"E0FD108E4B82D120A92108011A723C12A787E6D788719A10BDBA5B26\" +","        \"99C327186AF4E23C1A946834B6150BDA2583E9CA2AD44CE8DBBBC2DB\" +","        \"04DE8EF92E8EFC141FBECAA6287C59474E6BC05D99B2964FA090C3A2\" +","        \"233BA186515BE7ED1F612970CEE2D7AFB81BDD762170481CD0069127\" +","        \"D5B05AA993B4EA988D8FDDC186FFB7DC90A6C08F4DF435C934028492\" +","        \"36C3FAB4D27C7026C1D4DCB2602646DEC9751E763DBA37BDF8FF9406\" +","        \"AD9E530EE5DB382F413001AEB06A53ED9027D831179727B0865A8918\" +","        \"DA3EDBEBCF9B14ED44CE6CBACED4BB1BDB7F1447E6CC254B33205151\" +","        \"2BD7AF426FB8F401378CD2BF5983CA01C64B92ECF032EA15D1721D03\" +","        \"F482D7CE6E74FEF6D55E702F46980C82B5A84031900B1C9E59E7C97F\" +","        \"BEC7E8F323A97A7E36CC88BE0F1D45B7FF585AC54BD407B22B4154AA\" +","        \"CC8F6D7EBF48E1D814CC5ED20F8037E0A79715EEF29BE32806A1D58B\" +","        \"B7C5DA76F550AA3D8A1FBFF0EB19CCB1A313D55CDA56C9EC2EF29632\" +","        \"387FE8D76E3C0468043E8F663F4860EE12BF2D5B0B7474D6E694F91E\" +","        \"6DBE115974A3926F12FEE5E438777CB6A932DF8CD8BEC4D073B931BA\" +","        \"3BC832B68D9DD300741FA7BF8AFC47ED2576F6936BA424663AAB639C\" +","        \"5AE4F5683423B4742BF1C978238F16CBE39D652DE3FDB8BEFC848AD9\" +","        \"22222E04A4037C0713EB57A81A23F0C73473FC646CEA306B4BCBC886\" +","        \"2F8385DDFA9D4B7FA2C087E879683303ED5BDD3A062B3CF5B3A278A6\" +","        \"6D2A13F83F44F82DDF310EE074AB6A364597E899A0255DC164F31CC5\" +","        \"0846851DF9AB48195DED7EA1B1D510BD7EE74D73FAF36BC31ECFA268\" +","        \"359046F4EB879F924009438B481C6CD7889A002ED5EE382BC9190DA6\" +","        \"FC026E479558E4475677E9AA9E3050E2765694DFC81F56E880B96E71\" +","        \"60C980DD98EDD3DFFFFFFFFFFFFFFFFF\",","      g: 19","    }","  }","","};",""],"l":{"17":2,"29":0,"30":0,"31":0,"32":0,"44":0,"45":0,"54":0,"55":0,"56":0,"65":0,"66":0,"67":0,"68":0,"69":0,"70":0,"72":0}},"/home/travis/build/npmtest/node-npmtest-sjcl/node_modules/sjcl/demo/form.js":{"path":"/home/travis/build/npmtest/node-npmtest-sjcl/node_modules/sjcl/demo/form.js","s":{"1":1,"2":0,"3":1,"4":0,"5":0,"6":1,"7":0,"8":1,"9":0,"10":0,"11":0,"12":0,"13":0,"14":0,"15":0,"16":0,"17":0,"18":0,"19":0,"20":0,"21":0,"22":0,"23":0,"24":0,"25":0,"26":0,"27":0,"28":0,"29":0,"30":0,"31":0,"32":1,"33":0,"34":1,"35":0,"36":0,"37":0,"38":0,"39":0,"40":0,"41":0,"42":1,"43":0,"44":0,"45":0,"46":0,"47":0,"48":0,"49":0,"50":0,"51":0,"52":0,"53":0,"54":0,"55":0,"56":0,"57":0,"58":0,"59":0,"60":0,"61":0,"62":0,"63":0,"64":0,"65":0,"66":0,"67":0,"68":0,"69":0,"70":0,"71":0,"72":1,"73":0,"74":0,"75":0,"76":0,"77":0,"78":0,"79":0,"80":0},"b":{"1":[0,0],"2":[0,0],"3":[0,0],"4":[0,0],"5":[0,0],"6":[0,0],"7":[0,0],"8":[0,0],"9":[0,0],"10":[0,0],"11":[0,0],"12":[0,0],"13":[0,0],"14":[0,0],"15":[0,0],"16":[0,0],"17":[0,0],"18":[0,0],"19":[0,0,0],"20":[0,0],"21":[0,0,0],"22":[0,0],"23":[0,0,0],"24":[0,0],"25":[0,0],"26":[0,0],"27":[0,0]},"f":{"1":0,"2":0,"3":0,"4":0,"5":0,"6":0,"7":0,"8":0,"9":0,"10":0,"11":0,"12":0,"13":0},"fnMap":{"1":{"name":"hasClass","line":2,"loc":{"start":{"line":2,"column":0},"end":{"line":2,"column":25}}},"2":{"name":"stopPropagation","line":6,"loc":{"start":{"line":6,"column":0},"end":{"line":6,"column":28}}},"3":{"name":"formElement","line":12,"loc":{"start":{"line":12,"column":0},"end":{"line":12,"column":25}}},"4":{"name":"(anonymous_4)","line":16,"loc":{"start":{"line":16,"column":7},"end":{"line":16,"column":18}}},"5":{"name":"(anonymous_5)","line":31,"loc":{"start":{"line":31,"column":7},"end":{"line":31,"column":19}}},"6":{"name":"radioGroup","line":50,"loc":{"start":{"line":50,"column":0},"end":{"line":50,"column":26}}},"7":{"name":"(anonymous_7)","line":54,"loc":{"start":{"line":54,"column":7},"end":{"line":54,"column":18}}},"8":{"name":"(anonymous_8)","line":63,"loc":{"start":{"line":63,"column":7},"end":{"line":63,"column":19}}},"9":{"name":"formHandler","line":71,"loc":{"start":{"line":71,"column":0},"end":{"line":71,"column":45}}},"10":{"name":"(anonymous_10)","line":85,"loc":{"start":{"line":85,"column":25},"end":{"line":85,"column":37}}},"11":{"name":"(anonymous_11)","line":86,"loc":{"start":{"line":86,"column":13},"end":{"line":86,"column":26}}},"12":{"name":"(anonymous_12)","line":120,"loc":{"start":{"line":120,"column":6},"end":{"line":120,"column":17}}},"13":{"name":"(anonymous_13)","line":128,"loc":{"start":{"line":128,"column":6},"end":{"line":128,"column":18}}}},"statementMap":{"1":{"start":{"line":2,"column":0},"end":{"line":4,"column":1}},"2":{"start":{"line":3,"column":2},"end":{"line":3,"column":49}},"3":{"start":{"line":6,"column":0},"end":{"line":9,"column":1}},"4":{"start":{"line":7,"column":2},"end":{"line":7,"column":41}},"5":{"start":{"line":8,"column":2},"end":{"line":8,"column":24}},"6":{"start":{"line":12,"column":0},"end":{"line":14,"column":1}},"7":{"start":{"line":13,"column":2},"end":{"line":13,"column":15}},"8":{"start":{"line":15,"column":0},"end":{"line":48,"column":2}},"9":{"start":{"line":17,"column":4},"end":{"line":17,"column":21}},"10":{"start":{"line":18,"column":4},"end":{"line":28,"column":5}},"11":{"start":{"line":19,"column":6},"end":{"line":19,"column":24}},"12":{"start":{"line":20,"column":11},"end":{"line":28,"column":5}},"13":{"start":{"line":21,"column":6},"end":{"line":21,"column":32}},"14":{"start":{"line":22,"column":11},"end":{"line":28,"column":5}},"15":{"start":{"line":23,"column":6},"end":{"line":23,"column":45}},"16":{"start":{"line":24,"column":11},"end":{"line":28,"column":5}},"17":{"start":{"line":25,"column":6},"end":{"line":25,"column":48}},"18":{"start":{"line":27,"column":6},"end":{"line":27,"column":22}},"19":{"start":{"line":32,"column":4},"end":{"line":32,"column":21}},"20":{"start":{"line":33,"column":4},"end":{"line":45,"column":5}},"21":{"start":{"line":34,"column":6},"end":{"line":34,"column":21}},"22":{"start":{"line":34,"column":22},"end":{"line":34,"column":29}},"23":{"start":{"line":35,"column":11},"end":{"line":45,"column":5}},"24":{"start":{"line":36,"column":6},"end":{"line":38,"column":7}},"25":{"start":{"line":37,"column":8},"end":{"line":37,"column":39}},"26":{"start":{"line":39,"column":6},"end":{"line":39,"column":87}},"27":{"start":{"line":40,"column":11},"end":{"line":45,"column":5}},"28":{"start":{"line":41,"column":6},"end":{"line":43,"column":7}},"29":{"start":{"line":42,"column":8},"end":{"line":42,"column":42}},"30":{"start":{"line":44,"column":6},"end":{"line":44,"column":77}},"31":{"start":{"line":46,"column":4},"end":{"line":46,"column":17}},"32":{"start":{"line":50,"column":0},"end":{"line":52,"column":1}},"33":{"start":{"line":51,"column":2},"end":{"line":51,"column":19}},"34":{"start":{"line":53,"column":0},"end":{"line":69,"column":2}},"35":{"start":{"line":55,"column":4},"end":{"line":55,"column":55}},"36":{"start":{"line":56,"column":4},"end":{"line":60,"column":5}},"37":{"start":{"line":57,"column":6},"end":{"line":59,"column":7}},"38":{"start":{"line":58,"column":8},"end":{"line":58,"column":28}},"39":{"start":{"line":64,"column":4},"end":{"line":64,"column":55}},"40":{"start":{"line":65,"column":4},"end":{"line":67,"column":5}},"41":{"start":{"line":66,"column":6},"end":{"line":66,"column":43}},"42":{"start":{"line":71,"column":0},"end":{"line":117,"column":1}},"43":{"start":{"line":72,"column":2},"end":{"line":72,"column":29}},"44":{"start":{"line":73,"column":2},"end":{"line":73,"column":21}},"45":{"start":{"line":75,"column":2},"end":{"line":75,"column":72}},"46":{"start":{"line":76,"column":2},"end":{"line":76,"column":52}},"47":{"start":{"line":76,"column":33},"end":{"line":76,"column":50}},"48":{"start":{"line":78,"column":2},"end":{"line":78,"column":75}},"49":{"start":{"line":79,"column":2},"end":{"line":79,"column":52}},"50":{"start":{"line":79,"column":33},"end":{"line":79,"column":50}},"51":{"start":{"line":81,"column":2},"end":{"line":116,"column":3}},"52":{"start":{"line":82,"column":4},"end":{"line":82,"column":37}},"53":{"start":{"line":85,"column":4},"end":{"line":104,"column":15}},"54":{"start":{"line":86,"column":6},"end":{"line":103,"column":8}},"55":{"start":{"line":87,"column":8},"end":{"line":87,"column":32}},"56":{"start":{"line":88,"column":8},"end":{"line":90,"column":46}},"57":{"start":{"line":92,"column":8},"end":{"line":94,"column":9}},"58":{"start":{"line":93,"column":10},"end":{"line":93,"column":17}},"59":{"start":{"line":96,"column":8},"end":{"line":96,"column":38}},"60":{"start":{"line":98,"column":8},"end":{"line":102,"column":9}},"61":{"start":{"line":99,"column":10},"end":{"line":99,"column":30}},"62":{"start":{"line":99,"column":31},"end":{"line":99,"column":44}},"63":{"start":{"line":100,"column":15},"end":{"line":102,"column":9}},"64":{"start":{"line":101,"column":10},"end":{"line":101,"column":30}},"65":{"start":{"line":101,"column":31},"end":{"line":101,"column":44}},"66":{"start":{"line":106,"column":4},"end":{"line":115,"column":5}},"67":{"start":{"line":107,"column":6},"end":{"line":110,"column":7}},"68":{"start":{"line":108,"column":8},"end":{"line":108,"column":42}},"69":{"start":{"line":109,"column":8},"end":{"line":109,"column":33}},"70":{"start":{"line":113,"column":6},"end":{"line":113,"column":43}},"71":{"start":{"line":114,"column":6},"end":{"line":114,"column":31}},"72":{"start":{"line":119,"column":0},"end":{"line":136,"column":2}},"73":{"start":{"line":121,"column":4},"end":{"line":121,"column":40}},"74":{"start":{"line":122,"column":4},"end":{"line":124,"column":5}},"75":{"start":{"line":123,"column":6},"end":{"line":123,"column":37}},"76":{"start":{"line":125,"column":4},"end":{"line":125,"column":15}},"77":{"start":{"line":129,"column":4},"end":{"line":129,"column":10}},"78":{"start":{"line":130,"column":4},"end":{"line":134,"column":5}},"79":{"start":{"line":131,"column":6},"end":{"line":133,"column":7}},"80":{"start":{"line":132,"column":8},"end":{"line":132,"column":26}}},"branchMap":{"1":{"line":7,"type":"binary-expr","locations":[{"start":{"line":7,"column":2},"end":{"line":7,"column":18}},{"start":{"line":7,"column":22},"end":{"line":7,"column":40}}]},"2":{"line":18,"type":"if","locations":[{"start":{"line":18,"column":4},"end":{"line":18,"column":4}},{"start":{"line":18,"column":4},"end":{"line":18,"column":4}}]},"3":{"line":20,"type":"if","locations":[{"start":{"line":20,"column":11},"end":{"line":20,"column":11}},{"start":{"line":20,"column":11},"end":{"line":20,"column":11}}]},"4":{"line":22,"type":"if","locations":[{"start":{"line":22,"column":11},"end":{"line":22,"column":11}},{"start":{"line":22,"column":11},"end":{"line":22,"column":11}}]},"5":{"line":24,"type":"if","locations":[{"start":{"line":24,"column":11},"end":{"line":24,"column":11}},{"start":{"line":24,"column":11},"end":{"line":24,"column":11}}]},"6":{"line":33,"type":"if","locations":[{"start":{"line":33,"column":4},"end":{"line":33,"column":4}},{"start":{"line":33,"column":4},"end":{"line":33,"column":4}}]},"7":{"line":35,"type":"if","locations":[{"start":{"line":35,"column":11},"end":{"line":35,"column":11}},{"start":{"line":35,"column":11},"end":{"line":35,"column":11}}]},"8":{"line":36,"type":"if","locations":[{"start":{"line":36,"column":6},"end":{"line":36,"column":6}},{"start":{"line":36,"column":6},"end":{"line":36,"column":6}}]},"9":{"line":40,"type":"if","locations":[{"start":{"line":40,"column":11},"end":{"line":40,"column":11}},{"start":{"line":40,"column":11},"end":{"line":40,"column":11}}]},"10":{"line":41,"type":"if","locations":[{"start":{"line":41,"column":6},"end":{"line":41,"column":6}},{"start":{"line":41,"column":6},"end":{"line":41,"column":6}}]},"11":{"line":57,"type":"if","locations":[{"start":{"line":57,"column":6},"end":{"line":57,"column":6}},{"start":{"line":57,"column":6},"end":{"line":57,"column":6}}]},"12":{"line":82,"type":"binary-expr","locations":[{"start":{"line":82,"column":11},"end":{"line":82,"column":22}},{"start":{"line":82,"column":27},"end":{"line":82,"column":36}}]},"13":{"line":87,"type":"binary-expr","locations":[{"start":{"line":87,"column":13},"end":{"line":87,"column":15}},{"start":{"line":87,"column":19},"end":{"line":87,"column":31}}]},"14":{"line":88,"type":"binary-expr","locations":[{"start":{"line":88,"column":18},"end":{"line":88,"column":28}},{"start":{"line":88,"column":32},"end":{"line":88,"column":40}}]},"15":{"line":89,"type":"binary-expr","locations":[{"start":{"line":89,"column":40},"end":{"line":89,"column":51}},{"start":{"line":89,"column":55},"end":{"line":89,"column":65}}]},"16":{"line":90,"type":"binary-expr","locations":[{"start":{"line":90,"column":32},"end":{"line":90,"column":38}},{"start":{"line":90,"column":40},"end":{"line":90,"column":44}}]},"17":{"line":92,"type":"if","locations":[{"start":{"line":92,"column":8},"end":{"line":92,"column":8}},{"start":{"line":92,"column":8},"end":{"line":92,"column":8}}]},"18":{"line":92,"type":"binary-expr","locations":[{"start":{"line":92,"column":12},"end":{"line":92,"column":22}},{"start":{"line":92,"column":26},"end":{"line":92,"column":36}}]},"19":{"line":96,"type":"binary-expr","locations":[{"start":{"line":96,"column":9},"end":{"line":96,"column":18}},{"start":{"line":96,"column":23},"end":{"line":96,"column":27}},{"start":{"line":96,"column":31},"end":{"line":96,"column":37}}]},"20":{"line":98,"type":"if","locations":[{"start":{"line":98,"column":8},"end":{"line":98,"column":8}},{"start":{"line":98,"column":8},"end":{"line":98,"column":8}}]},"21":{"line":98,"type":"binary-expr","locations":[{"start":{"line":98,"column":12},"end":{"line":98,"column":34}},{"start":{"line":98,"column":38},"end":{"line":98,"column":49}},{"start":{"line":98,"column":53},"end":{"line":98,"column":74}}]},"22":{"line":100,"type":"if","locations":[{"start":{"line":100,"column":15},"end":{"line":100,"column":15}},{"start":{"line":100,"column":15},"end":{"line":100,"column":15}}]},"23":{"line":100,"type":"binary-expr","locations":[{"start":{"line":100,"column":19},"end":{"line":100,"column":37}},{"start":{"line":100,"column":41},"end":{"line":100,"column":52}},{"start":{"line":100,"column":56},"end":{"line":100,"column":84}}]},"24":{"line":106,"type":"if","locations":[{"start":{"line":106,"column":4},"end":{"line":106,"column":4}},{"start":{"line":106,"column":4},"end":{"line":106,"column":4}}]},"25":{"line":107,"type":"if","locations":[{"start":{"line":107,"column":6},"end":{"line":107,"column":6}},{"start":{"line":107,"column":6},"end":{"line":107,"column":6}}]},"26":{"line":131,"type":"if","locations":[{"start":{"line":131,"column":6},"end":{"line":131,"column":6}},{"start":{"line":131,"column":6},"end":{"line":131,"column":6}}]},"27":{"line":131,"type":"binary-expr","locations":[{"start":{"line":131,"column":10},"end":{"line":131,"column":29}},{"start":{"line":131,"column":33},"end":{"line":131,"column":55}}]}},"code":["/* Hackish form handling system. */","function hasClass(e, cl) {","  return (\" \"+e.className+\" \").match(\" \"+cl+\" \");","}","","function stopPropagation(e) {","  e.preventDefault && e.preventDefault();","  e.cancelBubble = true;","}","","/* proxy for a form object, with appropriate encoder/decoder */","function formElement(el) {","  this.el = el;","}","formElement.prototype = {","  get: function() {","    var el = this.el;","    if (el.type == \"checkbox\") {","      return el.checked;","    } else if (hasClass(el, \"numeric\")) {","      return parseInt(el.value);","    } else if (hasClass(el, \"hex\")) {","      return sjcl.codec.hex.toBits(el.value);","    } else if (hasClass(el, \"base64\")) {","      return sjcl.codec.base64.toBits(el.value);","    } else {","      return el.value;","    }","  },","  ","  set: function(x) {","    var el = this.el;","    if (el.type == \"checkbox\") {","      el.checked = x; return;","    } else if (hasClass(el, \"hex\")) {","      if (typeof x !== 'string') {","        x = sjcl.codec.hex.fromBits(x);","      }","      x = x.toUpperCase().replace(/ /g,'').replace(/(.{8})/g, \"$1 \").replace(/ $/, '');","    } else if (hasClass(el, \"base64\")) {","      if (typeof x !== 'string') {","        x = sjcl.codec.base64.fromBits(x);","      }","      x = x.replace(/\\s/g,'').replace(/(.{32})/g, \"$1\\n\").replace(/\\n$/, '');","    }","    el.value = x;","  }","};","","function radioGroup(name) {","  this.name = name;","}","radioGroup.prototype = {","  get: function() {","    var els = document.getElementsByName(this.name), i;","    for (i=0; i<els.length; i++) {","      if (els[i].checked) {","        return els[i].value;","      }","    }","  },","  ","  set: function(x) {","    var els = document.getElementsByName(this.name), i;","    for (i=0; i<els.length; i++) {","      els[i].checked = (els[i].value == x);","    }","  }","};","","function formHandler(formName, enterActions) {","  var i, els = [], tmp, name;","  this._elNames = [];","  ","  tmp = document.getElementById(formName).getElementsByTagName('input');","  for (i=0; i<tmp.length; i++) { els.push(tmp[i]); }","  ","  tmp = document.getElementById(formName).getElementsByTagName('textarea');","  for (i=0; i<tmp.length; i++) { els.push(tmp[i]); }","  ","  for (i=0; i<els.length; i++) {","    name = els[i].name  || els[i].id;","    ","    /* enforce numeric properties of element */","    els[i].onkeypress = (function(e) {","      return function(ev) {","        ev = ev || window.event;","        var key = ev.keyCode || ev.which,","            keyst = String.fromCharCode(ev.charCode || ev.keyCode),","            ente = enterActions[e.name||e.id];","        ","        if (ev.ctrlKey || ev.metaKey) {","          return;","        }","        ","        (key == 13) && ente && ente();","        ","        if (hasClass(e, 'numeric') && ev.charCode && !keyst.match(/[0-9]/)) {","          stopPropagation(ev); return false;","        } else if (hasClass(e, 'hex') && ev.charCode && !keyst.match(/[0-9a-fA-F ]/)) {","          stopPropagation(ev); return false;","        }","      };","    })(els[i]);","    ","    if (els[i].type == 'radio') {","      if (this[name] === undefined) {","        this[name] = new radioGroup(name);","        this._elNames.push(name);","      }","    } else {","      /* code to get the value of an element */","      this[name] = new formElement(els[i]);","      this._elNames.push(name);","    }","  }","}","","formHandler.prototype = {","  get:function() {","    var i, out = {}, en = this._elNames;","    for (i=0; i<en.length; i++) {","      out[en[i]] = this[en[i]].get();","    }","    return out;","  },","  ","  set:function(o) {","    var i;","    for (i in o) {","      if (o.hasOwnProperty(i) && this.hasOwnProperty(i)) {","        this[i].set(o[i]);","      }","    }","  }","};","",""],"l":{"2":1,"3":0,"6":1,"7":0,"8":0,"12":1,"13":0,"15":1,"17":0,"18":0,"19":0,"20":0,"21":0,"22":0,"23":0,"24":0,"25":0,"27":0,"32":0,"33":0,"34":0,"35":0,"36":0,"37":0,"39":0,"40":0,"41":0,"42":0,"44":0,"46":0,"50":1,"51":0,"53":1,"55":0,"56":0,"57":0,"58":0,"64":0,"65":0,"66":0,"71":1,"72":0,"73":0,"75":0,"76":0,"78":0,"79":0,"81":0,"82":0,"85":0,"86":0,"87":0,"88":0,"92":0,"93":0,"96":0,"98":0,"99":0,"100":0,"101":0,"106":0,"107":0,"108":0,"109":0,"113":0,"114":0,"119":1,"121":0,"122":0,"123":0,"125":0,"129":0,"130":0,"131":0,"132":0}}}